<?xml version="1.0" encoding="UTF-8"?>
<testsuite name="api.ApiServerTest" tests="5" skipped="0" failures="0" errors="0" timestamp="2020-03-24T16:13:35" hostname="LAPTOP-LQMCGR4I" time="3.694">
  <properties/>
  <testcase name="CreateListProduct_Detail" classname="api.ApiServerTest" time="1.423"/>
  <testcase name="CreateListProductRelation" classname="api.ApiServerTest" time="0.485"/>
  <testcase name="getWalmartPrice" classname="api.ApiServerTest" time="1.018"/>
  <testcase name="CreateThenGetList" classname="api.ApiServerTest" time="0.186"/>
  <testcase name="getItems" classname="api.ApiServerTest" time="0.579"/>
  <system-out><![CDATA[Product_Detail{upc='123', brand='brand1', date=Tue Mar 24 12:13:32 EDT 2020}
Source{upc='123', groceryProvider='amazon', price=0.98}
201
0
102
137
Great Value Frozen Fruit Salad Blend, 48 oz
displayPrice":8.47,"displayUnitPrice":"(17.6 cents/OZ)","isClearance":false,"isRollback":false,"unit":0.176}}},{"USItemId":"10304413","offerId":"AAD0BA2DA17D4034B63831BE176EAE6F","sku":"1018051","basic":{"salesUnit":"Each","name":"Dole Tropical Fruit Salad in Light Syrup and Passion Fruit Juice, 15.25 Oz Can","image":{"thumbnail":"https://i5.walmartimages.com/asr/34d881c2-3899-4659-83fe-6a69b53113e7_2.8af3f8be45c092428f5a0b72681dbbbe.jpeg?odnHeight=150&odnWidth=150&odnBg=ffffff"},"weightIncrement":1,"averageWeight":null,"maxAllowed":12,"productUrl":"/ip/Dole-Tropical-Fruit-Salad-in-Light-Syrup-and-Passion-Fruit-Juice-15-25-Oz-Can/10304413","isSnapEligible":true,"type":"REGULAR"},"detailed":{"rating":4.4,"reviewsCount":5},"store":{"isOutOfStock":false,"price":{"list":1.33,"previousPrice":1.48,"priceUnitOfMeasure":null,"salesUnitOfMeasure":null,"salesQuantity":15.25,"displayCondition":null,"displayPrice":1.33,"displayUnitPrice":"(8.7 cents/OZ)","isClearance":false,"isRollback":true,"unit":null}}},{"USItemId":"919369391","offerId":"5B2F2E667F1D46DFBC62421CF4D304AB","sku":"3100684685","basic":{"salesUnit":"Each","name":"Freshness Guaranteed Seasonal Fruit Blend, 32 oz","image":{"thumbnail":"https://i5.walmartimages.com/asr/2d868da6-6dce-44c4-8edb-23d4501bcb9a_2.9afa316b5eefe5d84088e9c6e64af2e3.jpeg?odnHeight=150&odnWidth=150&odnBg=ffffff"},"weightIncrement":1,"averageWeight":null,"maxAllowed":12,"productUrl":"/ip/Freshness-Guaranteed-Seasonal-Fruit-Blend-32-oz/919369391","isSnapEligible":true,"type":"REGULAR"},"detailed":{"rating":2.3,"reviewsCount":4},"store":{"isOutOfStock":false,"price":{"list":7.72,"previousPrice":0,"priceUnitOfMeasure":"each","salesUnitOfMeasure":"each","salesQuantity":32,"displayCondition":null,"displayPrice":7.72,"displayUnitPrice":"(24.1 cents/OZ)","isClearance":false,"isRollback":false,"unit":0.241}}},{"USItemId":"682318551","offerId":"5523212C72AE4D49BDBA83B1D6CE27F2","sku":"3100684683","basic":{"salesUnit":"Each","name":"Seasonal Fruit Blend, 10 oz","image":{"thumbnail":"https://i5.walmartimages.com/asr/39fe2873-9cb0-4771-be30-7d1612b4212a_1.7da853d556f9611281f1d7cc3490b3df.jpeg?odnHeight=150&odnWidth=150&odnBg=ffffff"},"weightIncrement":1,"averageWeight":null,"maxAllowed":12,"productUrl":"/ip/Seasonal-Fruit-Blend-10-oz/682318551","isSnapEligible":true,"type":"REGULAR"},"detailed":{"rating":3.2,"reviewsCount":5},"store":{"isOutOfStock":false,"price":{"list":2.88,"previousPrice":0,"priceUnitOfMeasure":"each","salesUnitOfMeasure":"each","salesQuantity":10,"displayCondition":null,"displayPrice":2.88,"displayUnitPrice":"(28.8 cents/OZ)","isClearance":false,"isRollback":false,"unit":0.288}}},{"USItemId":"24004522","offerId":"C9A63EE898B641BEA773CB29B7B8A4A6","sku":"1022737","basic":{"salesUnit":"Each","name":"Del Monte SunFresh Citrus Salad, No Sugar Added, 64 oz. Jar","image":{"thumbnail":"https://i5.walmartimages.com/asr/5e6c0880-2a6d-4617-8b5d-5bd8d4ccb32d_1.cf9edf63268963c70f167ed626d06cd5.jpeg?odnHeight=150&odnWidth=150&odnBg=ffffff"},"weightIncrement":1,"averageWeight":null,"maxAllowed":12,"productUrl":"/ip/Del-Monte-SunFresh-Citrus-Salad-No-Sugar-Added-64-oz-Jar/24004522","isSnapEligible":true,"type":"REGULAR"},"detailed":{"rating":3,"reviewsCount":7},"store":{"isOutOfStock":false,"price":{"list":8.98,"previousPrice":0,"priceUnitOfMeasure":"each","salesUnitOfMeasure":"each","salesQuantity":64,"displayCondition":null,"displayPrice":8.98,"displayUnitPrice":"(14.0 cents/OZ)","isClearance":false,"isRollback":false,"unit":0.14}}},{"USItemId":"10309653","offerId":"AB6A3912A45146C195ABCBB2A48373D1","sku":"1018072","basic":{"salesUnit":"Each","name":"Del Monte Orange Sections & Grapefruit in Light Citrus Salad, 15 oz","image":{"thumbnail":"https://i5.walmartimages.com/asr/89a3ccc5-2530-49b0-8377-26917a2a8ff8_1.48efaa0b23cb546062969928f117a8fd.jpeg?odnHeight=150&odnWidth=150&odnBg=ffffff"},"weightIncrement":1,"averageWeight":null,"maxAllowed":12,"productUrl":"/ip/Del-Monte-Orange-Sections-Grapefruit-in-Light-Citrus-Salad-15-oz/10309653","isSnapEligible":true,"type":"REGULAR"},"detailed":{"rating":4.3333,"reviewsCount":15},"store":{"isOutOfStock":false,"price":{"list":1.52,"previousPrice":1.76,"priceUnitOfMeasure":null,"salesUnitOfMeasure":null,"salesQuantity":15,"displayCondition":null,"displayPrice":1.52,"displayUnitPrice":"(10.1 cents/OZ)","isClearance":false,"isRollback":true,"unit":null}}},{"USItemId":"746830493","offerId":"37188FACDAAA421F87FBCDB611B19B9B","sku":"3100572466","basic":{"salesUnit":"Each","name":"Marketside Cherry Almond Gorgonzola Chopped Salad Kit, 10.7 oz","image":{"thumbnail":"https://i5.walmartimages.com/asr/ba76f263-e156-4f38-bba0-926213a8afcc_2.7af2a3b9b48e7f2edb0eed93005b75f1.jpeg?odnHeight=150&odnWidth=150&odnBg=ffffff"},"weightIncrement":1,"averageWeight":null,"maxAllowed":12,"productUrl":"/ip/Marketside-Cherry-Almond-Gorgonzola-Chopped-Salad-Kit-10-7-oz/746830493","isSnapEligible":true,"type":"REGULAR"},"detailed":{"rating":3.9,"reviewsCount":14},"store":{"isOutOfStock":false,"price":{"list":3.83,"previousPrice":0,"priceUnitOfMeasure":"each","salesUnitOfMeasure":"each","salesQuantity":10.7,"displayCondition":null,"displayPrice":3.83,"displayUnitPrice":"(35.8 cents/OZ)","isClearance":false,"isRollback":false,"unit":0.358}}},{"USItemId":"658271288","offerId":"229C51D2B81147E98F351573A227DBE7","sku":"3001190089","basic":{"salesUnit":"Each","name":"Taylor Farms Apple & Walnut Salad with Chicken, 5.5 oz","image":{"thumbnail":"https://i5.walmartimages.com/asr/e3de5e02-c15c-44a1-bfce-377554728076_1.1cd61e1093db48f0711637cd30572d09.jpeg?odnHeight=150&odnWidth=150&odnBg=ffffff"},"weightIncrement":1,"averageWeight":null,"maxAllowed":8,"productUrl":"/ip/Taylor-Farms-Apple-Walnut-Salad-with-Chicken-5-5-oz/658271288","isSnapEligible":true,"type":"REGULAR"},"detailed":{"rating":4.6,"reviewsCount":20},"store":{"isOutOfStock":false,"price":{"list":2.98,"previousPrice":0,"priceUnitOfMeasure":"each","salesUnitOfMeasure":"each","salesQuantity":5.5,"displayCondition":null,"displayPrice":2.98,"displayUnitPrice":"(54.2 cents/OZ)","isClearance":false,"isRollback":false,"unit":0.542}}},{"USItemId":"10450791","offerId":"F7511E42921046FE8ED3F84A9F142800","sku":"1013408","basic":{"salesUnit":"Each","name":"Marketside Chef Salad, 15.5 oz","image":{"thumbnail":"https://i5.walmartimages.com/asr/122df094-4eae-42d7-936c-e63422df4f04_4.a346f543914359eaa4b86f48fab78b07.jpeg?odnHeight=150&odnWidth=150&odnBg=ffffff"},"weightIncrement":1,"averageWeight":null,"maxAllowed":8,"productUrl":"/ip/Marketside-Chef-Salad-15-5-oz/10450791","isSnapEligible":true,"type":"REGULAR"},"detailed":{"rating":3.9,"reviewsCount":163},"store":{"isOutOfStock":false,"price":{"list":3.97,"previousPrice":0,"priceUnitOfMeasure":"each","salesUnitOfMeasure":"each","salesQuantity":15.5,"displayCondition":null,"displayPrice":3.97,"displayUnitPrice":"(25.6 cents/OZ)","isClearance":false,"isRollback":false,"unit":0.256}}},{"USItemId":"10450793","offerId":"CA5CE33D103F4710BF0878D4FA21FFE7","sku":"1013410","basic":{"salesUnit":"Each","name":"Marketside Ranch Cobb Salad, 15 oz","image":{"thumbnail":"https://i5.walmartimages.com/asr/d66f48d8-b219-4291-b968-6e457f3e8649_1.00a701f92e755c7b109aa102ad60d686.jpeg?odnHeight=150&odnWidth=150&odnBg=ffffff"},"weightIncrement":1,"averageWeight":null,"maxAllowed":8,"productUrl":"/ip/Marketside-Ranch-Cobb-Salad-15-oz/10450793","isSnapEligible":true,"type":"REGULAR"},"detailed":{"rating":3.7,"reviewsCount":145},"store":{"isOutOfStock":false,"price":{"list":3.97,"previousPrice":0,"priceUnitOfMeasure":"each","salesUnitOfMeasure":"each","salesQuantity":15,"displayCondition":null,"displayPrice":3.97,"displayUnitPrice":"(26.5 cents/OZ)","isClearance":false,"isRollback":false,"unit":0.265}}},{"USItemId":"10450792","offerId":"B7AD6918A2434E6A9244C6081D1F130F","sku":"1013409","basic":{"salesUnit":"Each","name":"Marketside Chicken Caesar Salad, 14.5 oz","image":{"thumbnail":"https://i5.walmartimages.com/asr/8476b781-a7e2-4cd0-b782-611de6e46668_1.e4de140f25aa8071a3e766d67db7da61.jpeg?odnHeight=150&odnWidth=150&odnBg=ffffff"},"weightIncrement":1,"averageWeight":null,"maxAllowed":8,"productUrl":"/ip/Marketside-Chicken-Caesar-Salad-14-5-oz/10450792","isSnapEligible":true,"type":"REGULAR"},"detailed":{"rating":4.1,"reviewsCount":127},"store":{"isOutOfStock":false,"price":{"list":3.97,"previousPrice":0,"priceUnitOfMeasure":"each","salesUnitOfMeasure":"each","salesQuantity":14.5,"displayCondition":null,"displayPrice":3.97,"displayUnitPrice":"(27.4 cents/OZ)","isClearance":false,"isRollback":false,"unit":0.274}}},{"USItemId":"51259273","offerId":"800A316388FD4DF98C95FF915D099036","sku":"3000691813","basic":{"salesUnit":"Each","name":"Ready Pac Bistro Dinner Solutions Chicken Caesar Salad, 12oz","image":{"thumbnail":"https://i5.walmartimages.com/asr/57f12536-793c-48a6-a7b8-b8a4d5bc9781_1.5d8697b8e11a8705e7c777f7155b7c67.jpeg?odnHeight=150&odnWidth=150&odnBg=ffffff"},"weightIncrement":1,"averageWeight":null,"maxAllowed":12,"productUrl":"/ip/Ready-Pac-Bistro-Dinner-Solutions-Chicken-Caesar-Salad-12oz/51259273","isSnapEligible":true,"type":"REGULAR"},"detailed":{"rating":5,"reviewsCount":3},"store":{"isOutOfStock":false,"price":{"list":5.34,"previousPrice":0,"priceUnitOfMeasure":"each","salesUnitOfMeasure":"each","salesQuantity":5.34,"displayCondition":null,"displayPrice":5.34,"displayUnitPrice":"($1.00/EA)","isClearance":false,"isRollback":false,"unit":1}}},{"USItemId":"117750696","offerId":"A567347A4D3B478EBBCB902F54E1CD10","sku":"3001190481","basic":{"salesUnit":"Each","name":"Taylor Farms American Style Pasta Salad, 9.75 oz","image":{"thumbnail":"https://i5.walmartimages.com/asr/2c14aadb-f7a6-42ba-860e-6f129e73c205_1.f2b80e63b9781afcdaa81499f0861071.jpeg?odnHeight=150&odnWidth=150&odnBg=ffffff"},"weightIncrement":1,"averageWeight":null,"maxAllowed":8,"productUrl":"/ip/Taylor-Farms-American-Style-Pasta-Salad-9-75-oz/117750696","isSnapEligible":true,"type":"REGULAR"},"detailed":{"rating":3.8,"reviewsCount":10},"store":{"isOutOfStock":false,"price":{"list":2.98,"previousPrice":0,"priceUnitOfMeasure":"each","salesUnitOfMeasure":"each","salesQuantity":2.88,"displayCondition":null,"displayPrice":2.98,"displayUnitPrice":"($1.04/EA)","isClearance":false,"isRollback":false,"unit":1.04}}},{"USItemId":"546820548","offerId":"AD6AFA7F7A344C588663AE1E96E02443","sku":"3100536689","basic":{"salesUnit":"Each","name":"Marketside Sunflower Bacon Crunch Chopped Salad Kit, 10.6 oz","image":{"thumbnail":"https://i5.walmartimages.com/asr/7e674a2e-57f1-417b-a4c7-49049f868dc6_2.72070dd248855b0e35875700fac3e61f.jpeg?odnHeight=150&odnWidth=150&odnBg=ffffff"},"weightIncrement":1,"averageWeight":null,"maxAllowed":12,"productUrl":"/ip/Marketside-Sunflower-Bacon-Crunch-Chopped-Salad-Kit-10-6-oz/546820548","isSnapEligible":true,"type":"REGULAR"},"detailed":{"rating":4.1,"reviewsCount":36},"store":{"isOutOfStock":false,"price":{"list":3.83,"previousPrice":0,"priceUnitOfMeasure":"each","salesUnitOfMeasure":"each","salesQuantity":10.6,"displayCondition":null,"displayPrice":3.83,"displayUnitPrice":"(36.1 cents/OZ)","isClearance":false,"isRollback":false,"unit":0.361}}},{"USItemId":"161537131","offerId":"1F2D55108FC0413793E6F6C16D20498C","sku":"3001189249","basic":{"salesUnit":"Each","name":"Taylor Farms BLT Salad w/ Chicken, 6.5 oz.","image":{"thumbnail":"https://i5.walmartimages.com/asr/c06a0046-09e2-40a9-adc6-c51ba0a0bfc6_1.5a4123e23347db474a996be8e0629409.jpeg?odnHeight=150&odnWidth=150&odnBg=ffffff"},"weightIncrement":1,"averageWeight":null,"maxAllowed":8,"productUrl":"/ip/Taylor-Farms-BLT-Salad-w-Chicken-6-5-oz/161537131","isSnapEligible":true,"type":"REGULAR"},"detailed":{"rating":3.7,"reviewsCount":10},"store":{"isOutOfStock":false,"price":{"list":2.98,"previousPrice":0,"priceUnitOfMeasure":"each","salesUnitOfMeasure":"each","salesQuantity":6.5,"displayCondition":null,"displayPrice":2.98,"displayUnitPrice":"(45.8 cents/OZ)","isClearance":false,"isRollback":false,"unit":0.458}}},{"USItemId":"26543475","offerId":"6199187FDFE44FBBBE0634B4315A6BFB","sku":"3000059732","basic":{"salesUnit":"Each","name":"Marketside Caesar Salad Kit Family Size, 17.8 oz","image":{"thumbnail":"https://i5.walmartimages.com/asr/d1d3a02e-9009-4d08-a3bc-3b423a6f770c_2.6b1d51ed8c68a3a0f80406f78deb17b5.jpeg?odnHeight=150&odnWidth=150&odnBg=ffffff"},"weightIncrement":1,"averageWeight":null,"maxAllowed":8,"productUrl":"/ip/Marketside-Caesar-Salad-Kit-Family-Size-17-8-oz/26543475","isSnapEligible":true,"type":"REGULAR"},"detailed":{"rating":3.9,"reviewsCount":84},"store":{"isOutOfStock":false,"price":{"list":4.78,"previousPrice":0,"priceUnitOfMeasure":"each","salesUnitOfMeasure":"each","salesQuantity":17.8,"displayCondition":null,"displayPrice":4.78,"displayUnitPrice":"(26.9 cents/OZ)","isClearance":false,"isRollback":false,"unit":0.269}}},{"USItemId":"52434259","offerId":"7DDF0CCA33C640C286EC7CC61B7D94CC","sku":"3100110685","basic":{"salesUnit":"Each","name":"Eat Smart Sweet Kale Vegetable Salad Kit, 12 oz","image":{"thumbnail":"https://i5.walmartimages.com/asr/2aa512df-16c3-464d-9170-6dd1ae13d5d0_1.9f5bd87141c976de1437ceb85459ba9a.jpeg?odnHeight=150&odnWidth=150&odnBg=ffffff"},"weightIncrement":1,"averageWeight":null,"maxAllowed":12,"productUrl":"/ip/Eat-Smart-Sweet-Kale-Vegetable-Salad-Kit-12-oz/52434259","isSnapEligible":true,"type":"REGULAR"},"detailed":{"rating":4.6,"reviewsCount":173},"store":{"isOutOfStock":false,"price":{"list":3.83,"previousPrice":0,"priceUnitOfMeasure":"each","salesUnitOfMeasure":"each","salesQuantity":12,"displayCondition":null,"displayPrice":3.83,"displayUnitPrice":"(31.9 cents/OZ)","isClearance":false,"isRollback":false,"unit":0.319}}},{"USItemId":"51259265","offerId":"FF2B74E8926A42B7BCF5C017E73226D8","sku":"3000878916","basic":{"salesUnit":"Each","name":"Ready Pac Bistro Cranberry Walnut Salad, 4.5 oz","image":{"thumbnail":"https://i5.walmartimages.com/asr/f00c2029-bf04-4054-959a-e4931e7ce2b5_1.d93b0265835c1c032d0d6ef0600c74cf.jpeg?odnHeight=150&odnWidth=150&odnBg=ffffff"},"weightIncrement":1,"averageWeight":null,"maxAllowed":12,"productUrl":"/ip/Ready-Pac-Bistro-Cranberry-Walnut-Salad-4-5-oz/51259265","isSnapEligible":true,"type":"REGULAR"},"detailed":{"rating":3.6,"reviewsCount":5},"store":{"isOutOfStock":false,"price":{"list":2.98,"previousPrice":0,"priceUnitOfMeasure":"each","salesUnitOfMeasure":"each","salesQuantity":2.98,"displayCondition":null,"displayPrice":2.98,"displayUnitPrice":"($1.00/EA)","isClearance":false,"isRollback":false,"unit":1}}},{"USItemId":"209752825","offerId":"A4F1AAC40B764B209EC4690AEDCBE8CE","basic":{"salesUnit":"Each","name":"Marketside Cranberry Walnut Salad 4.5oz","image":{"thumbnail":"https://i5.walmartimages.com/asr/b29e7b16-564c-4756-9595-c59084075d4e_3.d4f78d56b88bec7151be53aa1a7b73f3.jpeg?odnHeight=150&odnWidth=150&odnBg=ffffff"},"weightIncrement":1,"averageWeight":null,"maxAllowed":12,"productUrl":"/ip/Marketside-Cranberry-Walnut-Salad-4-5oz/209752825","isSnapEligible":true,"type":"REGULAR"},"detailed":{"rating":3.5,"reviewsCount":11},"store":{"isOutOfStock":false,"price":{"list":2.98,"previousPrice":0,"priceUnitOfMeasure":"each","salesUnitOfMeasure":"each","salesQuantity":4.5,"displayCondition":null,"displayPrice":2.98,"displayUnitPrice":"(66.2 cents/OZ)","isClearance":false,"isRollback":false,"unit":0.662}}}],"totalCount":542,"filters":{"categories":[{"name":"Departments","values":[{"id":"1255027787131","name":"Fruits & Vegetables","count":313,"queryParam":"cat_id~1255027787131","values":[{"id":"1255027787131_1255027788181","name":"Fresh Fruit","count":74,"queryParam":"cat_id~1255027787131_1255027788181"},{"id":"1255027787131_1255027788321","name":"Fresh Herbs","count":1,"queryParam":"cat_id~1255027787131_1255027788321"},{"id":"1255027787131_2023721512","name":"Fresh Juice & Chilled Beverage","count":1,"queryParam":"cat_id~1255027787131_2023721512"},{"id":"1255027787131_1255027789453","name":"Fresh Vegetables","count":153,"queryParam":"cat_id~1255027787131_1255027789453"},{"id":"1255027787131_4585348430","name":"Healthy Snacking","count":15,"queryParam":"cat_id~1255027787131_4585348430"},{"id":"1255027787131_3518708856","name":"Nuts, Dried Fruit, & Healthy Snacks","count":5,"queryParam":"cat_id~1255027787131_3518708856"},{"id":"1255027787131_1255200063365","name":"Organic Produce","count":31,"queryParam":"cat_id~1255027787131_1255200063365"}]},{"id":"1255027787111","name":"Pantry","count":82,"queryParam":"cat_id~1255027787111","values":[{"id":"1255027787111_1255027787261","name":"Baking","count":2,"queryParam":"cat_id~1255027787111_1255027787261"},{"id":"1255027787111_1256653759416","name":"Boxed Dinners","count":2,"queryParam":"cat_id~1255027787111_1256653759416"},{"id":"1255027787111_1255027787501","name":"Cereal & Breakfast Food","count":10,"queryParam":"cat_id~1255027787111_1255027787501"},{"id":"1255027787111_2038499992","name":"Christmas Bake Center","count":2,"queryParam":"cat_id~1255027787111_2038499992"},{"id":"1255027787111_1255027787641","name":"Condiments","count":7,"queryParam":"cat_id~1255027787111_1255027787641"},{"id":"1255027787111_7927902611","name":"Holiday Bake Center","count":2,"queryParam":"cat_id~1255027787111_7927902611"},{"id":"1255027787111_7834655373","name":"Holiday Sides & Stuffing","count":1,"queryParam":"cat_id~1255027787111_7834655373"},{"id":"1255027787111_1255027788476","name":"International Foods","count":1,"queryParam":"cat_id~1255027787111_1255027788476"}]},{"id":"1255027787071","name":"Frozen","count":40,"queryParam":"cat_id~1255027787071","values":[{"id":"1255027787071_1255027788141","name":"Frozen Beverages & Ice","count":1,"queryParam":"cat_id~1255027787071_1255027788141"},{"id":"1255027787071_1256653759086","name":"Frozen Bread & Potatoes","count":1,"queryParam":"cat_id~1255027787071_1256653759086"},{"id":"1255027787071_5238483676","name":"Frozen Favorites","count":1,"queryParam":"cat_id~1255027787071_5238483676"},{"id":"1255027787071_1256653759204","name":"Frozen Individual Meals","count":1,"queryParam":"cat_id~1255027787071_1256653759204"},{"id":"1255027787071_6903977160","name":"Healthy Meals & Snacks","count":1,"queryParam":"cat_id~1255027787071_6903977160"},{"id":"1255027787071_1255027788456","name":"Ice Cream","count":3,"queryParam":"cat_id~1255027787071_1255027788456"},{"id":"1255027787071_7962904531","name":"New In Frozen","count":2,"queryParam":"cat_id~1255027787071_7962904531"}]},{"id":"1256653758154","name":"Organic Shop","count":39,"queryParam":"cat_id~1256653758154","values":[{"id":"1256653758154_1256653758310","name":"Great Value Organic","count":8,"queryParam":"cat_id~1256653758154_1256653758310"},{"id":"1256653758154_1256653758268","name":"Organic Fruits & Vegetables","count":37,"queryParam":"cat_id~1256653758154_1256653758268"},{"id":"1256653758154_9602954093","name":"Organic Snacks","count":1,"queryParam":"cat_id~1256653758154_9602954093"}]},{"id":"1256653760354","name":"Groceries & Household Essentials","count":15,"queryParam":"cat_id~1256653760354","values":[{"id":"1256653760354_1256653760360","name":"Food","count":2,"queryParam":"cat_id~1256653760354_1256653760360"},{"id":"1256653760354_1256653760358","name":"Fresh","count":13,"queryParam":"cat_id~1256653760354_1256653760358"}]},{"id":"1256653758166","name":"Special Dietary Needs","count":1,"queryParam":"cat_id~1256653758166"},{"id":"1256653758048","name":"Featured Products","count":48,"queryParam":"cat_id~1256653758048","values":[{"id":"1256653758048_0814626053","name":"Basket Starters","count":37,"queryParam":"cat_id~1256653758048_0814626053"},{"id":"1256653758048_6488630197","name":"Family Night","count":1,"queryParam":"cat_id~1256653758048_6488630197"},{"id":"1256653758048_5824743833","name":"Featured Rollbacks","count":3,"queryParam":"cat_id~1256653758048_5824743833"},{"id":"1256653758048_2164683543","name":"Healthy Meals from Kraft","count":1,"queryParam":"cat_id~1256653758048_2164683543"},{"id":"1256653758048_7037639119","name":"Instant Pot Spicy Dr. Pepper Pork","count":5,"queryParam":"cat_id~1256653758048_7037639119"},{"id":"1256653758048_0648624347","name":"Our Best Rollbacks","count":3,"queryParam":"cat_id~1256653758048_0648624347"},{"id":"1256653758048_1471981554","name":"Rollbacks","count":4,"queryParam":"cat_id~1256653758048_1471981554"},{"id":"1256653758048_1256653759172","name":"Weekly Ad Feature Items","count":8,"queryParam":"cat_id~1256653758048_1256653759172"}]},{"id":"7832438941","name":"HA Holiday Shop","count":7,"queryParam":"cat_id~7832438941"},{"id":"1255027787041","name":"Beverages","count":5,"queryParam":"cat_id~1255027787041","values":[{"id":"1255027787041_1255027787601","name":"Cocktails & Mixers","count":1,"queryParam":"cat_id~1255027787041_1255027787601"},{"id":"1255027787041_2023721512","name":"Fresh Juice & Chilled Beverage","count":1,"queryParam":"cat_id~1255027787041_2023721512"},{"id":"1255027787041_1255027788241","name":"Fruit Juice","count":2,"queryParam":"cat_id~1255027787041_1255027788241"},{"id":"1255027787041_1255027789393","name":"Specialty Drinks","count":1,"queryParam":"cat_id~1255027787041_1255027789393"}]},{"id":"1255027787051","name":"Snacks & Candy","count":113,"queryParam":"cat_id~1255027787051","values":[{"id":"1255027787051_1255027787541","name":"Chips & Dip","count":3,"queryParam":"cat_id~1255027787051_1255027787541"},{"id":"1255027787051_1255027787421","name":"Chocolate, Candy & Gum","count":4,"queryParam":"cat_id~1255027787051_1255027787421"},{"id":"1255027787051_1256653758414","name":"Fruit Snacks","count":59,"queryParam":"cat_id~1255027787051_1256653758414"},{"id":"1255027787051_1255027788696","name":"Nuts & Dried Fruit","count":56,"queryParam":"cat_id~1255027787051_1255027788696"}]},{"id":"2393438169","name":"Easter Meal","count":12,"queryParam":"cat_id~2393438169","values":[{"id":"2393438169_9868687091","name":"Easter Brunch","count":2,"queryParam":"cat_id~2393438169_9868687091"},{"id":"2393438169_9410813365","name":"Easter Meal","count":4,"queryParam":"cat_id~2393438169_9410813365"},{"id":"2393438169_6214936661","name":"Sides","count":7,"queryParam":"cat_id~2393438169_6214936661"}]},{"id":"1255064354809","name":"Deli","count":38,"queryParam":"cat_id~1255064354809","values":[{"id":"1255064354809_1256653759500","name":"Hummus, Fresh Dips & Fresh Salsas","count":2,"queryParam":"cat_id~1255064354809_1256653759500"},{"id":"1255064354809_1256653759542","name":"Lunch & Snack Packs","count":8,"queryParam":"cat_id~1255064354809_1256653759542"},{"id":"1255064354809_1256653759504","name":"Party Trays & Pizzas","count":3,"queryParam":"cat_id~1255064354809_1256653759504"},{"id":"1255064354809_1255027787721","name":"Prepared Meals & Sides","count":5,"queryParam":"cat_id~1255064354809_1255027787721"},{"id":"1255064354809_1256653759502","name":"Salads, Sandwiches & Sushi","count":28,"queryParam":"cat_id~1255064354809_1256653759502"}]},{"id":"1255027787061","name":"Eggs & Dairy","count":3,"queryParam":"cat_id~1255027787061","values":[{"id":"1255027787061_2168708466","name":"Healthy Chilled Snacks & Beverages","count":1,"queryParam":"cat_id~1255027787061_2168708466"},{"id":"1255027787061_1255027788897","name":"Pudding & Gelatin","count":2,"queryParam":"cat_id~1255027787061_1255027788897"}]},{"id":"1256653760657","name":"School Lunch Box Essentials","count":21,"queryParam":"cat_id~1256653760657","values":[{"id":"1256653760657_7592845167","name":"Back to School Box Tops","count":1,"queryParam":"cat_id~1256653760657_7592845167"},{"id":"1256653760657_0901101881","name":"Lunchbox Top Picks","count":18,"queryParam":"cat_id~1256653760657_0901101881"},{"id":"1256653760657_1104974483","name":"School Lunch Top Picks","count":4,"queryParam":"cat_id~1256653760657_1104974483"}]},{"id":"1256653758570","name":"Easy Meal Solutions","count":28,"queryParam":"cat_id~1256653758570","values":[{"id":"1256653758570_1256653760010","name":"Easy Breakfast Meal Solution","count":2,"queryParam":"cat_id~1256653758570_1256653760010"},{"id":"1256653758570_1256653759878","name":"Easy Chili Meal Solution","count":1,"queryParam":"cat_id~1256653758570_1256653759878"},{"id":"1256653758570_1256653760374","name":"Healthy Bowls Meal Solution","count":7,"queryParam":"cat_id~1256653758570_1256653760374"},{"id":"1256653758570_1256653759660","name":"Italian Feast Meal Solution","count":5,"queryParam":"cat_id~1256653758570_1256653759660"},{"id":"1256653758570_4659329852","name":"One Pot Meal Essentials","count":1,"queryParam":"cat_id~1256653758570_4659329852"},{"id":"1256653758570_1256653758282","name":"Pizza Night Meal Solution","count":2,"queryParam":"cat_id~1256653758570_1256653758282"},{"id":"1256653758570_1256653760378","name":"Salads & Soups","count":12,"queryParam":"cat_id~1256653758570_1256653760378"},{"id":"1256653758570_1256653759882","name":"Slow Cooked Beef & Broccoli Meal Solution","count":5,"queryParam":"cat_id~1256653758570_1256653759882"},{"id":"1256653758570_1256653758022","name":"Taco Night Essentials","count":1,"queryParam":"cat_id~1256653758570_1256653758022"}]},{"id":"1255027787031","name":"Bread & Bakery","count":3,"queryParam":"cat_id~1255027787031"},{"id":"5621371366","name":"Holiday Meal","count":7,"queryParam":"cat_id~5621371366"},{"id":"2235214863","name":"Oktoberfest","count":1,"queryParam":"cat_id~2235214863"},{"id":"1256653760096","name":"Health & Nutrition","count":1,"queryParam":"cat_id~1256653760096"}]}],"others":[{"name":"Special Offer","values":[{"name":"Rollback","count":71,"queryParam":"special_offers~Rollback"}]},{"name":"Price"},{"name":"Brand","values":[{"name":"Great Value","count":72,"queryParam":"ghs_brand~Great Value"},{"name":"Dole","count":21,"queryParam":"ghs_brand~Dole"},{"name":"Del Monte","count":38,"queryParam":"ghs_brand~Del Monte"},{"name":"Marketside","count":97,"queryParam":"ghs_brand~Marketside"},{"name":"Freshness Guaranteed","count":7,"queryParam":"ghs_brand~Freshness Guaranteed"},{"name":"PRODUCE UNBRANDED","count":102,"queryParam":"ghs_brand~PRODUCE UNBRANDED"},{"name":"WALMART PRODUCE","count":1,"queryParam":"ghs_brand~WALMART PRODUCE"},{"name":"Sundia","count":1,"queryParam":"ghs_brand~Sundia"},{"name":"Taylor Farms","count":7,"queryParam":"ghs_brand~Taylor Farms"},{"name":"Ready Pac","count":3,"queryParam":"ghs_brand~Ready Pac"},{"name":"Suddenly Pasta Salad","count":2,"queryParam":"ghs_brand~Suddenly Pasta Salad"},{"name":"EatSmart","count":1,"queryParam":"ghs_brand~EatSmart"},{"name":"Produce Unbranded","count":11,"queryParam":"ghs_brand~Produce Unbranded"},{"name":"Welch's","count":11,"queryParam":"ghs_brand~Welch's"},{"name":"FIELDPACK UNBRANDED","count":10,"queryParam":"ghs_brand~FIELDPACK UNBRANDED"},{"name":"Sun-Maid","count":10,"queryParam":"ghs_brand~Sun-Maid"},{"name":"Kellogg's","count":9,"queryParam":"ghs_brand~Kellogg's"},{"name":"Bolthouse Farms","count":7,"queryParam":"ghs_brand~Bolthouse Farms"},{"name":"Craisins","count":7,"queryParam":"ghs_brand~Craisins"},{"name":"Betty Crocker","count":6,"queryParam":"ghs_brand~Betty Crocker"},{"name":"Generic","count":6,"queryParam":"ghs_brand~Generic"},{"name":"Green Giant","count":5,"queryParam":"ghs_brand~Green Giant"},{"name":"Sunsweet","count":5,"queryParam":"ghs_brand~Sunsweet"},{"name":"Melissa's","count":4,"queryParam":"ghs_brand~Melissa's"},{"name":"Mott's","count":4,"queryParam":"ghs_brand~Mott's"},{"name":"Black Forest","count":3,"queryParam":"ghs_brand~Black Forest"},{"name":"Fruit by the Foot","count":3,"queryParam":"ghs_brand~Fruit by the Foot"},{"name":"General Mills","count":3,"queryParam":"ghs_brand~General Mills"},{"name":"Great Value Organic","count":3,"queryParam":"ghs_brand~Great Value Organic"},{"name":"Mariani","count":3,"queryParam":"ghs_brand~Mariani"},{"name":"Scooby-Doo","count":3,"queryParam":"ghs_brand~Scooby-Doo"},{"name":"Ziyad","count":3,"queryParam":"ghs_brand~Ziyad"},{"name":"For You","count":2,"queryParam":"ghs_brand~For You"},{"name":"Fresh Gourmet","count":2,"queryParam":"ghs_brand~Fresh Gourmet"},{"name":"Fruit Roll-Ups","count":2,"queryParam":"ghs_brand~Fruit Roll-Ups"},{"name":"Marzetti","count":2,"queryParam":"ghs_brand~Marzetti"},{"name":"NatureSweet","count":2,"queryParam":"ghs_brand~NatureSweet"},{"name":"Ocean Mist Farms","count":2,"queryParam":"ghs_brand~Ocean Mist Farms"},{"name":"Oregon Specialty Fruit","count":2,"queryParam":"ghs_brand~Oregon Specialty Fruit"},{"name":"Salad Pizazz!","count":2,"queryParam":"ghs_brand~Salad Pizazz!"},{"name":"Sunkist","count":2,"queryParam":"ghs_brand~Sunkist"},{"name":"TE-CO","count":2,"queryParam":"ghs_brand~TE-CO"},{"name":"Tasteful Selections","count":2,"queryParam":"ghs_brand~Tasteful Selections"},{"name":"Wal-Mart Deli","count":2,"queryParam":"ghs_brand~Wal-Mart Deli"},{"name":"Walmart Deli","count":2,"queryParam":"ghs_brand~Walmart Deli"},{"name":"Annie's","count":1,"queryParam":"ghs_brand~Annie's"},{"name":"Branch","count":1,"queryParam":"ghs_brand~Branch"},{"name":"Brighthouse Organics","count":1,"queryParam":"ghs_brand~Brighthouse Organics"},{"name":"Bushmans","count":1,"queryParam":"ghs_brand~Bushmans"},{"name":"Cello","count":1,"queryParam":"ghs_brand~Cello"},{"name":"Collins Brothers","count":1,"queryParam":"ghs_brand~Collins Brothers"},{"name":"Cooking with Spinach","count":1,"queryParam":"ghs_brand~Cooking with Spinach"},{"name":"Dandy","count":1,"queryParam":"ghs_brand~Dandy"},{"name":"Dippin' Stix","count":1,"queryParam":"ghs_brand~Dippin' Stix"},{"name":"Equate","count":1,"queryParam":"ghs_brand~Equate"},{"name":"Fifth Generation","count":1,"queryParam":"ghs_brand~Fifth Generation"},{"name":"Foxy Organic","count":1,"queryParam":"ghs_brand~Foxy Organic"},{"name":"Garden Cuts","count":1,"queryParam":"ghs_brand~Garden Cuts"},{"name":"Glory Foods","count":1,"queryParam":"ghs_brand~Glory Foods"},{"name":"Grimmway Farms","count":1,"queryParam":"ghs_brand~Grimmway Farms"},{"name":"Gushers","count":1,"queryParam":"ghs_brand~Gushers"},{"name":"Hail Merry","count":1,"queryParam":"ghs_brand~Hail Merry"},{"name":"Hypermart","count":1,"queryParam":"ghs_brand~Hypermart"},{"name":"KELLOGG","count":1,"queryParam":"ghs_brand~KELLOGG"},{"name":"Klondike","count":1,"queryParam":"ghs_brand~Klondike"},{"name":"Lakeside Produce","count":1,"queryParam":"ghs_brand~Lakeside Produce"},{"name":"Mann's","count":1,"queryParam":"ghs_brand~Mann's"},{"name":"Marketside Organic","count":1,"queryParam":"ghs_brand~Marketside Organic"},{"name":"Natures Greens","count":1,"queryParam":"ghs_brand~Natures Greens"},{"name":"NewStar","count":1,"queryParam":"ghs_brand~NewStar"},{"name":"OPAL","count":1,"queryParam":"ghs_brand~OPAL"},{"name":"Ocean Spray","count":1,"queryParam":"ghs_brand~Ocean Spray"},{"name":"Pamela's","count":1,"queryParam":"ghs_brand~Pamela's"},{"name":"Pom Wonderful","count":1,"queryParam":"ghs_brand~Pom Wonderful"},{"name":"Pro2snax","count":1,"queryParam":"ghs_brand~Pro2snax"},{"name":"Produce Unbrrnded","count":1,"queryParam":"ghs_brand~Produce Unbrrnded"},{"name":"RAWL BRAND","count":1,"queryParam":"ghs_brand~RAWL BRAND"},{"name":"Read","count":1,"queryParam":"ghs_brand~Read"},{"name":"Reese","count":1,"queryParam":"ghs_brand~Reese"},{"name":"SMART ONES","count":1,"queryParam":"ghs_brand~SMART ONES"},{"name":"Sabra","count":1,"queryParam":"ghs_brand~Sabra"},{"name":"San Miguel","count":1,"queryParam":"ghs_brand~San Miguel"},{"name":"Snack Sensations","count":1,"queryParam":"ghs_brand~Snack Sensations"},{"name":"Speedy Spud","count":1,"queryParam":"ghs_brand~Speedy Spud"},{"name":"Starter","count":1,"queryParam":"ghs_brand~Starter"},{"name":"SunFresh","count":1,"queryParam":"ghs_brand~SunFresh"},{"name":"SunGold","count":1,"queryParam":"ghs_brand~SunGold"},{"name":"Sunsets","count":1,"queryParam":"ghs_brand~Sunsets"},{"name":"Sweet Bursts","count":1,"queryParam":"ghs_brand~Sweet Bursts"},{"name":"Tanimura & Antle","count":1,"queryParam":"ghs_brand~Tanimura & Antle"},{"name":"Tomorrow's Organics","count":1,"queryParam":"ghs_brand~Tomorrow's Organics"},{"name":"USDA Produce","count":1,"queryParam":"ghs_brand~USDA Produce"},{"name":"World Acc","count":1,"queryParam":"ghs_brand~World Acc"}]},{"name":"Type","values":[{"name":"Tropical Fruits","count":13,"queryParam":"ghs_type~Tropical Fruits"},{"name":"Mixed Fruit","count":25,"queryParam":"ghs_type~Mixed Fruit"},{"name":"Sliced Fruits","count":10,"queryParam":"ghs_type~Sliced Fruits"},{"name":"Chilled Fruit Blends","count":5,"queryParam":"ghs_type~Chilled Fruit Blends"},{"name":"Salad Mixes","count":22,"queryParam":"ghs_type~Salad Mixes"},{"name":"Canned Citrus Fruits","count":9,"queryParam":"ghs_type~Canned Citrus Fruits"},{"name":"Canned Pears","count":7,"queryParam":"ghs_type~Canned Pears"},{"name":"Canned Other Fruit","count":3,"queryParam":"ghs_type~Canned Other Fruit"},{"name":"Pre-Sliced Mixed Fruit","count":1,"queryParam":"ghs_type~Pre-Sliced Mixed Fruit"},{"name":"Green Salads","count":7,"queryParam":"ghs_type~Green Salads"},{"name":"Canned Fruits","count":2,"queryParam":"ghs_type~Canned Fruits"},{"name":"Canned Other Fruits","count":2,"queryParam":"ghs_type~Canned Other Fruits"},{"name":"Pasta Mixes","count":2,"queryParam":"ghs_type~Pasta Mixes"},{"name":"Cantaloupes","count":1,"queryParam":"ghs_type~Cantaloupes"},{"name":"Papayas","count":1,"queryParam":"ghs_type~Papayas"},{"name":"Fruit Snacks","count":35,"queryParam":"ghs_type~Fruit Snacks"},{"name":"Carrots","count":10,"queryParam":"ghs_type~Carrots"},{"name":"Lettuce","count":9,"queryParam":"ghs_type~Lettuce"},{"name":"Berries","count":7,"queryParam":"ghs_type~Berries"},{"name":"Tomatoes","count":7,"queryParam":"ghs_type~Tomatoes"},{"name":"Greens","count":6,"queryParam":"ghs_type~Greens"},{"name":"Oranges","count":6,"queryParam":"ghs_type~Oranges"},{"name":"Spinach","count":6,"queryParam":"ghs_type~Spinach"},{"name":"Cauliflower","count":5,"queryParam":"ghs_type~Cauliflower"},{"name":"Cucumbers","count":5,"queryParam":"ghs_type~Cucumbers"},{"name":"Mangoes","count":5,"queryParam":"ghs_type~Mangoes"},{"name":"Blueberries","count":4,"queryParam":"ghs_type~Blueberries"},{"name":"Broccoli","count":4,"queryParam":"ghs_type~Broccoli"},{"name":"Celery","count":4,"queryParam":"ghs_type~Celery"},{"name":"Grapefruit","count":4,"queryParam":"ghs_type~Grapefruit"},{"name":"Hot Peppers","count":4,"queryParam":"ghs_type~Hot Peppers"},{"name":"Kiwis","count":4,"queryParam":"ghs_type~Kiwis"},{"name":"Lettuce Mixes","count":4,"queryParam":"ghs_type~Lettuce Mixes"},{"name":"Blackberries","count":3,"queryParam":"ghs_type~Blackberries"},{"name":"Cabbage","count":3,"queryParam":"ghs_type~Cabbage"},{"name":"Lemons","count":3,"queryParam":"ghs_type~Lemons"},{"name":"Limes","count":3,"queryParam":"ghs_type~Limes"},{"name":"Mixed Vegetables","count":3,"queryParam":"ghs_type~Mixed Vegetables"},{"name":"Raspberries","count":3,"queryParam":"ghs_type~Raspberries"},{"name":"Sliced Apples","count":3,"queryParam":"ghs_type~Sliced Apples"},{"name":"Apples","count":2,"queryParam":"ghs_type~Apples"},{"name":"Asparagus","count":2,"queryParam":"ghs_type~Asparagus"},{"name":"Beets","count":2,"queryParam":"ghs_type~Beets"},{"name":"Corn","count":2,"queryParam":"ghs_type~Corn"},{"name":"Croutons & Toppings","count":2,"queryParam":"ghs_type~Croutons & Toppings"},{"name":"Frozen Fruits","count":2,"queryParam":"ghs_type~Frozen Fruits"},{"name":"Green Beans","count":2,"queryParam":"ghs_type~Green Beans"},{"name":"Honeydew Melons","count":2,"queryParam":"ghs_type~Honeydew Melons"},{"name":"Peaches","count":2,"queryParam":"ghs_type~Peaches"},{"name":"Potato Salads","count":2,"queryParam":"ghs_type~Potato Salads"},{"name":"Radishes","count":2,"queryParam":"ghs_type~Radishes"},{"name":"Strawberries","count":2,"queryParam":"ghs_type~Strawberries"},{"name":"Acorn Squash","count":1,"queryParam":"ghs_type~Acorn Squash"},{"name":"Almonds","count":1,"queryParam":"ghs_type~Almonds"},{"name":"Artichokes","count":1,"queryParam":"ghs_type~Artichokes"},{"name":"Avocados","count":1,"queryParam":"ghs_type~Avocados"},{"name":"Bananas","count":1,"queryParam":"ghs_type~Bananas"},{"name":"Bok Choy","count":1,"queryParam":"ghs_type~Bok Choy"},{"name":"Brussel Sprouts","count":1,"queryParam":"ghs_type~Brussel Sprouts"},{"name":"Butternut Squash","count":1,"queryParam":"ghs_type~Butternut Squash"},{"name":"Cakes","count":1,"queryParam":"ghs_type~Cakes"},{"name":"Canned Berries","count":1,"queryParam":"ghs_type~Canned Berries"},{"name":"Canned Potatoes","count":1,"queryParam":"ghs_type~Canned Potatoes"},{"name":"Cashews","count":1,"queryParam":"ghs_type~Cashews"},{"name":"Celery & Cucumbers","count":1,"queryParam":"ghs_type~Celery & Cucumbers"},{"name":"Chayote Squash","count":1,"queryParam":"ghs_type~Chayote Squash"},{"name":"Cherries","count":1,"queryParam":"ghs_type~Cherries"},{"name":"Cranberries","count":1,"queryParam":"ghs_type~Cranberries"},{"name":"Dried Fruit","count":1,"queryParam":"ghs_type~Dried Fruit"},{"name":"French Beans","count":1,"queryParam":"ghs_type~French Beans"},{"name":"Frozen Juice & Ice","count":1,"queryParam":"ghs_type~Frozen Juice & Ice"},{"name":"Frozen Vegetables","count":1,"queryParam":"ghs_type~Frozen Vegetables"},{"name":"Fruit Dips","count":1,"queryParam":"ghs_type~Fruit Dips"},{"name":"Fruit Toppings","count":1,"queryParam":"ghs_type~Fruit Toppings"},{"name":"Jicama","count":1,"queryParam":"ghs_type~Jicama"},{"name":"Kale","count":1,"queryParam":"ghs_type~Kale"},{"name":"Leeks","count":1,"queryParam":"ghs_type~Leeks"},{"name":"Melons","count":1,"queryParam":"ghs_type~Melons"},{"name":"Nectarines","count":1,"queryParam":"ghs_type~Nectarines"},{"name":"Other Vegetables","count":1,"queryParam":"ghs_type~Other Vegetables"},{"name":"Pasta Salads","count":1,"queryParam":"ghs_type~Pasta Salads"},{"name":"Pineapple","count":1,"queryParam":"ghs_type~Pineapple"},{"name":"Plums","count":1,"queryParam":"ghs_type~Plums"},{"name":"Red Potatoes","count":1,"queryParam":"ghs_type~Red Potatoes"},{"name":"Roma Tomatoes","count":1,"queryParam":"ghs_type~Roma Tomatoes"},{"name":"Russet Potatoes","count":1,"queryParam":"ghs_type~Russet Potatoes"},{"name":"Snack Bars","count":1,"queryParam":"ghs_type~Snack Bars"},{"name":"Specialty Canned Vegetables","count":1,"queryParam":"ghs_type~Specialty Canned Vegetables"},{"name":"Specialty Cookies","count":1,"queryParam":"ghs_type~Specialty Cookies"},{"name":"Sweet Peppers","count":1,"queryParam":"ghs_type~Sweet Peppers"},{"name":"Sweet Potatoes","count":1,"queryParam":"ghs_type~Sweet Potatoes"},{"name":"Tomatillos","count":1,"queryParam":"ghs_type~Tomatillos"},{"name":"Veggie Meals","count":1,"queryParam":"ghs_type~Veggie Meals"},{"name":"Yams & Sweet Potatoes","count":1,"queryParam":"ghs_type~Yams & Sweet Potatoes"},{"name":"Yellow & Gold Potatoes","count":1,"queryParam":"ghs_type~Yellow & Gold Potatoes"}]}]},"breadcrumbs":[{"id":"0","name":"All Departments","cat_level":0,"queryParam":"cat_id~0"}],"sortOptions":[{"sortId":"best_match","sortName":"Best match","isDefault":true},{"sortId":"best_seller","sortName":"Best sellers","isDefault":false},{"sortId":"price_low","sortName":"Price: low to high","isDefault":false},{"sortId":"price_high","sortName":"Price: high to low","isDefault":false}],"errors":[],"searchMatchType":"{\"dept\":\"/1255027787111/1255027789273/1255027794725\",\"id\":\"1585066417246:mustang-536782645-17-723600032:4107:k85h5ffl:65612\",\"css\":\"0|0|0|0\",\"cs\":false}","wpaBeacon":{"moduleData":{"adUuid":"1585066417246:mustang-536782645-17-723600032:4107:k85h5ffl:65612","pageBeacons":{},"moduleInfo":"{\"adUuid\":\"1585066417246:mustang-536782645-17-723600032:4107:k85h5ffl:65612\",\"tenant\":\"GR\",\"storeId\":\"1855\",\"platform\":\"mobile\",\"pageType\":\"search\",\"mloc\":\"middle\",\"pageId\":\"fruit salad\",\"placementId\":\"480x345_T-C-IG_TI_1-2_gr-search-ingrid-mweb\",\"normQuery\":\"fruit salad\"}"}}}
8.47
754
931
966
Dole Tropical Fruit Salad in Light Syrup and Passion Fruit Juice, 15.25 Oz Can
displayPrice":1.33,"displayUnitPrice":"(8.7 cents/OZ)","isClearance":false,"isRollback":true,"unit":null}}},{"USItemId":"919369391","offerId":"5B2F2E667F1D46DFBC62421CF4D304AB","sku":"3100684685","basic":{"salesUnit":"Each","name":"Freshness Guaranteed Seasonal Fruit Blend, 32 oz","image":{"thumbnail":"https://i5.walmartimages.com/asr/2d868da6-6dce-44c4-8edb-23d4501bcb9a_2.9afa316b5eefe5d84088e9c6e64af2e3.jpeg?odnHeight=150&odnWidth=150&odnBg=ffffff"},"weightIncrement":1,"averageWeight":null,"maxAllowed":12,"productUrl":"/ip/Freshness-Guaranteed-Seasonal-Fruit-Blend-32-oz/919369391","isSnapEligible":true,"type":"REGULAR"},"detailed":{"rating":2.3,"reviewsCount":4},"store":{"isOutOfStock":false,"price":{"list":7.72,"previousPrice":0,"priceUnitOfMeasure":"each","salesUnitOfMeasure":"each","salesQuantity":32,"displayCondition":null,"displayPrice":7.72,"displayUnitPrice":"(24.1 cents/OZ)","isClearance":false,"isRollback":false,"unit":0.241}}},{"USItemId":"682318551","offerId":"5523212C72AE4D49BDBA83B1D6CE27F2","sku":"3100684683","basic":{"salesUnit":"Each","name":"Seasonal Fruit Blend, 10 oz","image":{"thumbnail":"https://i5.walmartimages.com/asr/39fe2873-9cb0-4771-be30-7d1612b4212a_1.7da853d556f9611281f1d7cc3490b3df.jpeg?odnHeight=150&odnWidth=150&odnBg=ffffff"},"weightIncrement":1,"averageWeight":null,"maxAllowed":12,"productUrl":"/ip/Seasonal-Fruit-Blend-10-oz/682318551","isSnapEligible":true,"type":"REGULAR"},"detailed":{"rating":3.2,"reviewsCount":5},"store":{"isOutOfStock":false,"price":{"list":2.88,"previousPrice":0,"priceUnitOfMeasure":"each","salesUnitOfMeasure":"each","salesQuantity":10,"displayCondition":null,"displayPrice":2.88,"displayUnitPrice":"(28.8 cents/OZ)","isClearance":false,"isRollback":false,"unit":0.288}}},{"USItemId":"24004522","offerId":"C9A63EE898B641BEA773CB29B7B8A4A6","sku":"1022737","basic":{"salesUnit":"Each","name":"Del Monte SunFresh Citrus Salad, No Sugar Added, 64 oz. Jar","image":{"thumbnail":"https://i5.walmartimages.com/asr/5e6c0880-2a6d-4617-8b5d-5bd8d4ccb32d_1.cf9edf63268963c70f167ed626d06cd5.jpeg?odnHeight=150&odnWidth=150&odnBg=ffffff"},"weightIncrement":1,"averageWeight":null,"maxAllowed":12,"productUrl":"/ip/Del-Monte-SunFresh-Citrus-Salad-No-Sugar-Added-64-oz-Jar/24004522","isSnapEligible":true,"type":"REGULAR"},"detailed":{"rating":3,"reviewsCount":7},"store":{"isOutOfStock":false,"price":{"list":8.98,"previousPrice":0,"priceUnitOfMeasure":"each","salesUnitOfMeasure":"each","salesQuantity":64,"displayCondition":null,"displayPrice":8.98,"displayUnitPrice":"(14.0 cents/OZ)","isClearance":false,"isRollback":false,"unit":0.14}}},{"USItemId":"10309653","offerId":"AB6A3912A45146C195ABCBB2A48373D1","sku":"1018072","basic":{"salesUnit":"Each","name":"Del Monte Orange Sections & Grapefruit in Light Citrus Salad, 15 oz","image":{"thumbnail":"https://i5.walmartimages.com/asr/89a3ccc5-2530-49b0-8377-26917a2a8ff8_1.48efaa0b23cb546062969928f117a8fd.jpeg?odnHeight=150&odnWidth=150&odnBg=ffffff"},"weightIncrement":1,"averageWeight":null,"maxAllowed":12,"productUrl":"/ip/Del-Monte-Orange-Sections-Grapefruit-in-Light-Citrus-Salad-15-oz/10309653","isSnapEligible":true,"type":"REGULAR"},"detailed":{"rating":4.3333,"reviewsCount":15},"store":{"isOutOfStock":false,"price":{"list":1.52,"previousPrice":1.76,"priceUnitOfMeasure":null,"salesUnitOfMeasure":null,"salesQuantity":15,"displayCondition":null,"displayPrice":1.52,"displayUnitPrice":"(10.1 cents/OZ)","isClearance":false,"isRollback":true,"unit":null}}},{"USItemId":"746830493","offerId":"37188FACDAAA421F87FBCDB611B19B9B","sku":"3100572466","basic":{"salesUnit":"Each","name":"Marketside Cherry Almond Gorgonzola Chopped Salad Kit, 10.7 oz","image":{"thumbnail":"https://i5.walmartimages.com/asr/ba76f263-e156-4f38-bba0-926213a8afcc_2.7af2a3b9b48e7f2edb0eed93005b75f1.jpeg?odnHeight=150&odnWidth=150&odnBg=ffffff"},"weightIncrement":1,"averageWeight":null,"maxAllowed":12,"productUrl":"/ip/Marketside-Cherry-Almond-Gorgonzola-Chopped-Salad-Kit-10-7-oz/746830493","isSnapEligible":true,"type":"REGULAR"},"detailed":{"rating":3.9,"reviewsCount":14},"store":{"isOutOfStock":false,"price":{"list":3.83,"previousPrice":0,"priceUnitOfMeasure":"each","salesUnitOfMeasure":"each","salesQuantity":10.7,"displayCondition":null,"displayPrice":3.83,"displayUnitPrice":"(35.8 cents/OZ)","isClearance":false,"isRollback":false,"unit":0.358}}},{"USItemId":"658271288","offerId":"229C51D2B81147E98F351573A227DBE7","sku":"3001190089","basic":{"salesUnit":"Each","name":"Taylor Farms Apple & Walnut Salad with Chicken, 5.5 oz","image":{"thumbnail":"https://i5.walmartimages.com/asr/e3de5e02-c15c-44a1-bfce-377554728076_1.1cd61e1093db48f0711637cd30572d09.jpeg?odnHeight=150&odnWidth=150&odnBg=ffffff"},"weightIncrement":1,"averageWeight":null,"maxAllowed":8,"productUrl":"/ip/Taylor-Farms-Apple-Walnut-Salad-with-Chicken-5-5-oz/658271288","isSnapEligible":true,"type":"REGULAR"},"detailed":{"rating":4.6,"reviewsCount":20},"store":{"isOutOfStock":false,"price":{"list":2.98,"previousPrice":0,"priceUnitOfMeasure":"each","salesUnitOfMeasure":"each","salesQuantity":5.5,"displayCondition":null,"displayPrice":2.98,"displayUnitPrice":"(54.2 cents/OZ)","isClearance":false,"isRollback":false,"unit":0.542}}},{"USItemId":"10450791","offerId":"F7511E42921046FE8ED3F84A9F142800","sku":"1013408","basic":{"salesUnit":"Each","name":"Marketside Chef Salad, 15.5 oz","image":{"thumbnail":"https://i5.walmartimages.com/asr/122df094-4eae-42d7-936c-e63422df4f04_4.a346f543914359eaa4b86f48fab78b07.jpeg?odnHeight=150&odnWidth=150&odnBg=ffffff"},"weightIncrement":1,"averageWeight":null,"maxAllowed":8,"productUrl":"/ip/Marketside-Chef-Salad-15-5-oz/10450791","isSnapEligible":true,"type":"REGULAR"},"detailed":{"rating":3.9,"reviewsCount":163},"store":{"isOutOfStock":false,"price":{"list":3.97,"previousPrice":0,"priceUnitOfMeasure":"each","salesUnitOfMeasure":"each","salesQuantity":15.5,"displayCondition":null,"displayPrice":3.97,"displayUnitPrice":"(25.6 cents/OZ)","isClearance":false,"isRollback":false,"unit":0.256}}},{"USItemId":"10450793","offerId":"CA5CE33D103F4710BF0878D4FA21FFE7","sku":"1013410","basic":{"salesUnit":"Each","name":"Marketside Ranch Cobb Salad, 15 oz","image":{"thumbnail":"https://i5.walmartimages.com/asr/d66f48d8-b219-4291-b968-6e457f3e8649_1.00a701f92e755c7b109aa102ad60d686.jpeg?odnHeight=150&odnWidth=150&odnBg=ffffff"},"weightIncrement":1,"averageWeight":null,"maxAllowed":8,"productUrl":"/ip/Marketside-Ranch-Cobb-Salad-15-oz/10450793","isSnapEligible":true,"type":"REGULAR"},"detailed":{"rating":3.7,"reviewsCount":145},"store":{"isOutOfStock":false,"price":{"list":3.97,"previousPrice":0,"priceUnitOfMeasure":"each","salesUnitOfMeasure":"each","salesQuantity":15,"displayCondition":null,"displayPrice":3.97,"displayUnitPrice":"(26.5 cents/OZ)","isClearance":false,"isRollback":false,"unit":0.265}}},{"USItemId":"10450792","offerId":"B7AD6918A2434E6A9244C6081D1F130F","sku":"1013409","basic":{"salesUnit":"Each","name":"Marketside Chicken Caesar Salad, 14.5 oz","image":{"thumbnail":"https://i5.walmartimages.com/asr/8476b781-a7e2-4cd0-b782-611de6e46668_1.e4de140f25aa8071a3e766d67db7da61.jpeg?odnHeight=150&odnWidth=150&odnBg=ffffff"},"weightIncrement":1,"averageWeight":null,"maxAllowed":8,"productUrl":"/ip/Marketside-Chicken-Caesar-Salad-14-5-oz/10450792","isSnapEligible":true,"type":"REGULAR"},"detailed":{"rating":4.1,"reviewsCount":127},"store":{"isOutOfStock":false,"price":{"list":3.97,"previousPrice":0,"priceUnitOfMeasure":"each","salesUnitOfMeasure":"each","salesQuantity":14.5,"displayCondition":null,"displayPrice":3.97,"displayUnitPrice":"(27.4 cents/OZ)","isClearance":false,"isRollback":false,"unit":0.274}}},{"USItemId":"51259273","offerId":"800A316388FD4DF98C95FF915D099036","sku":"3000691813","basic":{"salesUnit":"Each","name":"Ready Pac Bistro Dinner Solutions Chicken Caesar Salad, 12oz","image":{"thumbnail":"https://i5.walmartimages.com/asr/57f12536-793c-48a6-a7b8-b8a4d5bc9781_1.5d8697b8e11a8705e7c777f7155b7c67.jpeg?odnHeight=150&odnWidth=150&odnBg=ffffff"},"weightIncrement":1,"averageWeight":null,"maxAllowed":12,"productUrl":"/ip/Ready-Pac-Bistro-Dinner-Solutions-Chicken-Caesar-Salad-12oz/51259273","isSnapEligible":true,"type":"REGULAR"},"detailed":{"rating":5,"reviewsCount":3},"store":{"isOutOfStock":false,"price":{"list":5.34,"previousPrice":0,"priceUnitOfMeasure":"each","salesUnitOfMeasure":"each","salesQuantity":5.34,"displayCondition":null,"displayPrice":5.34,"displayUnitPrice":"($1.00/EA)","isClearance":false,"isRollback":false,"unit":1}}},{"USItemId":"117750696","offerId":"A567347A4D3B478EBBCB902F54E1CD10","sku":"3001190481","basic":{"salesUnit":"Each","name":"Taylor Farms American Style Pasta Salad, 9.75 oz","image":{"thumbnail":"https://i5.walmartimages.com/asr/2c14aadb-f7a6-42ba-860e-6f129e73c205_1.f2b80e63b9781afcdaa81499f0861071.jpeg?odnHeight=150&odnWidth=150&odnBg=ffffff"},"weightIncrement":1,"averageWeight":null,"maxAllowed":8,"productUrl":"/ip/Taylor-Farms-American-Style-Pasta-Salad-9-75-oz/117750696","isSnapEligible":true,"type":"REGULAR"},"detailed":{"rating":3.8,"reviewsCount":10},"store":{"isOutOfStock":false,"price":{"list":2.98,"previousPrice":0,"priceUnitOfMeasure":"each","salesUnitOfMeasure":"each","salesQuantity":2.88,"displayCondition":null,"displayPrice":2.98,"displayUnitPrice":"($1.04/EA)","isClearance":false,"isRollback":false,"unit":1.04}}},{"USItemId":"546820548","offerId":"AD6AFA7F7A344C588663AE1E96E02443","sku":"3100536689","basic":{"salesUnit":"Each","name":"Marketside Sunflower Bacon Crunch Chopped Salad Kit, 10.6 oz","image":{"thumbnail":"https://i5.walmartimages.com/asr/7e674a2e-57f1-417b-a4c7-49049f868dc6_2.72070dd248855b0e35875700fac3e61f.jpeg?odnHeight=150&odnWidth=150&odnBg=ffffff"},"weightIncrement":1,"averageWeight":null,"maxAllowed":12,"productUrl":"/ip/Marketside-Sunflower-Bacon-Crunch-Chopped-Salad-Kit-10-6-oz/546820548","isSnapEligible":true,"type":"REGULAR"},"detailed":{"rating":4.1,"reviewsCount":36},"store":{"isOutOfStock":false,"price":{"list":3.83,"previousPrice":0,"priceUnitOfMeasure":"each","salesUnitOfMeasure":"each","salesQuantity":10.6,"displayCondition":null,"displayPrice":3.83,"displayUnitPrice":"(36.1 cents/OZ)","isClearance":false,"isRollback":false,"unit":0.361}}},{"USItemId":"161537131","offerId":"1F2D55108FC0413793E6F6C16D20498C","sku":"3001189249","basic":{"salesUnit":"Each","name":"Taylor Farms BLT Salad w/ Chicken, 6.5 oz.","image":{"thumbnail":"https://i5.walmartimages.com/asr/c06a0046-09e2-40a9-adc6-c51ba0a0bfc6_1.5a4123e23347db474a996be8e0629409.jpeg?odnHeight=150&odnWidth=150&odnBg=ffffff"},"weightIncrement":1,"averageWeight":null,"maxAllowed":8,"productUrl":"/ip/Taylor-Farms-BLT-Salad-w-Chicken-6-5-oz/161537131","isSnapEligible":true,"type":"REGULAR"},"detailed":{"rating":3.7,"reviewsCount":10},"store":{"isOutOfStock":false,"price":{"list":2.98,"previousPrice":0,"priceUnitOfMeasure":"each","salesUnitOfMeasure":"each","salesQuantity":6.5,"displayCondition":null,"displayPrice":2.98,"displayUnitPrice":"(45.8 cents/OZ)","isClearance":false,"isRollback":false,"unit":0.458}}},{"USItemId":"26543475","offerId":"6199187FDFE44FBBBE0634B4315A6BFB","sku":"3000059732","basic":{"salesUnit":"Each","name":"Marketside Caesar Salad Kit Family Size, 17.8 oz","image":{"thumbnail":"https://i5.walmartimages.com/asr/d1d3a02e-9009-4d08-a3bc-3b423a6f770c_2.6b1d51ed8c68a3a0f80406f78deb17b5.jpeg?odnHeight=150&odnWidth=150&odnBg=ffffff"},"weightIncrement":1,"averageWeight":null,"maxAllowed":8,"productUrl":"/ip/Marketside-Caesar-Salad-Kit-Family-Size-17-8-oz/26543475","isSnapEligible":true,"type":"REGULAR"},"detailed":{"rating":3.9,"reviewsCount":84},"store":{"isOutOfStock":false,"price":{"list":4.78,"previousPrice":0,"priceUnitOfMeasure":"each","salesUnitOfMeasure":"each","salesQuantity":17.8,"displayCondition":null,"displayPrice":4.78,"displayUnitPrice":"(26.9 cents/OZ)","isClearance":false,"isRollback":false,"unit":0.269}}},{"USItemId":"52434259","offerId":"7DDF0CCA33C640C286EC7CC61B7D94CC","sku":"3100110685","basic":{"salesUnit":"Each","name":"Eat Smart Sweet Kale Vegetable Salad Kit, 12 oz","image":{"thumbnail":"https://i5.walmartimages.com/asr/2aa512df-16c3-464d-9170-6dd1ae13d5d0_1.9f5bd87141c976de1437ceb85459ba9a.jpeg?odnHeight=150&odnWidth=150&odnBg=ffffff"},"weightIncrement":1,"averageWeight":null,"maxAllowed":12,"productUrl":"/ip/Eat-Smart-Sweet-Kale-Vegetable-Salad-Kit-12-oz/52434259","isSnapEligible":true,"type":"REGULAR"},"detailed":{"rating":4.6,"reviewsCount":173},"store":{"isOutOfStock":false,"price":{"list":3.83,"previousPrice":0,"priceUnitOfMeasure":"each","salesUnitOfMeasure":"each","salesQuantity":12,"displayCondition":null,"displayPrice":3.83,"displayUnitPrice":"(31.9 cents/OZ)","isClearance":false,"isRollback":false,"unit":0.319}}},{"USItemId":"51259265","offerId":"FF2B74E8926A42B7BCF5C017E73226D8","sku":"3000878916","basic":{"salesUnit":"Each","name":"Ready Pac Bistro Cranberry Walnut Salad, 4.5 oz","image":{"thumbnail":"https://i5.walmartimages.com/asr/f00c2029-bf04-4054-959a-e4931e7ce2b5_1.d93b0265835c1c032d0d6ef0600c74cf.jpeg?odnHeight=150&odnWidth=150&odnBg=ffffff"},"weightIncrement":1,"averageWeight":null,"maxAllowed":12,"productUrl":"/ip/Ready-Pac-Bistro-Cranberry-Walnut-Salad-4-5-oz/51259265","isSnapEligible":true,"type":"REGULAR"},"detailed":{"rating":3.6,"reviewsCount":5},"store":{"isOutOfStock":false,"price":{"list":2.98,"previousPrice":0,"priceUnitOfMeasure":"each","salesUnitOfMeasure":"each","salesQuantity":2.98,"displayCondition":null,"displayPrice":2.98,"displayUnitPrice":"($1.00/EA)","isClearance":false,"isRollback":false,"unit":1}}},{"USItemId":"209752825","offerId":"A4F1AAC40B764B209EC4690AEDCBE8CE","basic":{"salesUnit":"Each","name":"Marketside Cranberry Walnut Salad 4.5oz","image":{"thumbnail":"https://i5.walmartimages.com/asr/b29e7b16-564c-4756-9595-c59084075d4e_3.d4f78d56b88bec7151be53aa1a7b73f3.jpeg?odnHeight=150&odnWidth=150&odnBg=ffffff"},"weightIncrement":1,"averageWeight":null,"maxAllowed":12,"productUrl":"/ip/Marketside-Cranberry-Walnut-Salad-4-5oz/209752825","isSnapEligible":true,"type":"REGULAR"},"detailed":{"rating":3.5,"reviewsCount":11},"store":{"isOutOfStock":false,"price":{"list":2.98,"previousPrice":0,"priceUnitOfMeasure":"each","salesUnitOfMeasure":"each","salesQuantity":4.5,"displayCondition":null,"displayPrice":2.98,"displayUnitPrice":"(66.2 cents/OZ)","isClearance":false,"isRollback":false,"unit":0.662}}}],"totalCount":542,"filters":{"categories":[{"name":"Departments","values":[{"id":"1255027787131","name":"Fruits & Vegetables","count":313,"queryParam":"cat_id~1255027787131","values":[{"id":"1255027787131_1255027788181","name":"Fresh Fruit","count":74,"queryParam":"cat_id~1255027787131_1255027788181"},{"id":"1255027787131_1255027788321","name":"Fresh Herbs","count":1,"queryParam":"cat_id~1255027787131_1255027788321"},{"id":"1255027787131_2023721512","name":"Fresh Juice & Chilled Beverage","count":1,"queryParam":"cat_id~1255027787131_2023721512"},{"id":"1255027787131_1255027789453","name":"Fresh Vegetables","count":153,"queryParam":"cat_id~1255027787131_1255027789453"},{"id":"1255027787131_4585348430","name":"Healthy Snacking","count":15,"queryParam":"cat_id~1255027787131_4585348430"},{"id":"1255027787131_3518708856","name":"Nuts, Dried Fruit, & Healthy Snacks","count":5,"queryParam":"cat_id~1255027787131_3518708856"},{"id":"1255027787131_1255200063365","name":"Organic Produce","count":31,"queryParam":"cat_id~1255027787131_1255200063365"}]},{"id":"1255027787111","name":"Pantry","count":82,"queryParam":"cat_id~1255027787111","values":[{"id":"1255027787111_1255027787261","name":"Baking","count":2,"queryParam":"cat_id~1255027787111_1255027787261"},{"id":"1255027787111_1256653759416","name":"Boxed Dinners","count":2,"queryParam":"cat_id~1255027787111_1256653759416"},{"id":"1255027787111_1255027787501","name":"Cereal & Breakfast Food","count":10,"queryParam":"cat_id~1255027787111_1255027787501"},{"id":"1255027787111_2038499992","name":"Christmas Bake Center","count":2,"queryParam":"cat_id~1255027787111_2038499992"},{"id":"1255027787111_1255027787641","name":"Condiments","count":7,"queryParam":"cat_id~1255027787111_1255027787641"},{"id":"1255027787111_7927902611","name":"Holiday Bake Center","count":2,"queryParam":"cat_id~1255027787111_7927902611"},{"id":"1255027787111_7834655373","name":"Holiday Sides & Stuffing","count":1,"queryParam":"cat_id~1255027787111_7834655373"},{"id":"1255027787111_1255027788476","name":"International Foods","count":1,"queryParam":"cat_id~1255027787111_1255027788476"}]},{"id":"1255027787071","name":"Frozen","count":40,"queryParam":"cat_id~1255027787071","values":[{"id":"1255027787071_1255027788141","name":"Frozen Beverages & Ice","count":1,"queryParam":"cat_id~1255027787071_1255027788141"},{"id":"1255027787071_1256653759086","name":"Frozen Bread & Potatoes","count":1,"queryParam":"cat_id~1255027787071_1256653759086"},{"id":"1255027787071_5238483676","name":"Frozen Favorites","count":1,"queryParam":"cat_id~1255027787071_5238483676"},{"id":"1255027787071_1256653759204","name":"Frozen Individual Meals","count":1,"queryParam":"cat_id~1255027787071_1256653759204"},{"id":"1255027787071_6903977160","name":"Healthy Meals & Snacks","count":1,"queryParam":"cat_id~1255027787071_6903977160"},{"id":"1255027787071_1255027788456","name":"Ice Cream","count":3,"queryParam":"cat_id~1255027787071_1255027788456"},{"id":"1255027787071_7962904531","name":"New In Frozen","count":2,"queryParam":"cat_id~1255027787071_7962904531"}]},{"id":"1256653758154","name":"Organic Shop","count":39,"queryParam":"cat_id~1256653758154","values":[{"id":"1256653758154_1256653758310","name":"Great Value Organic","count":8,"queryParam":"cat_id~1256653758154_1256653758310"},{"id":"1256653758154_1256653758268","name":"Organic Fruits & Vegetables","count":37,"queryParam":"cat_id~1256653758154_1256653758268"},{"id":"1256653758154_9602954093","name":"Organic Snacks","count":1,"queryParam":"cat_id~1256653758154_9602954093"}]},{"id":"1256653760354","name":"Groceries & Household Essentials","count":15,"queryParam":"cat_id~1256653760354","values":[{"id":"1256653760354_1256653760360","name":"Food","count":2,"queryParam":"cat_id~1256653760354_1256653760360"},{"id":"1256653760354_1256653760358","name":"Fresh","count":13,"queryParam":"cat_id~1256653760354_1256653760358"}]},{"id":"1256653758166","name":"Special Dietary Needs","count":1,"queryParam":"cat_id~1256653758166"},{"id":"1256653758048","name":"Featured Products","count":48,"queryParam":"cat_id~1256653758048","values":[{"id":"1256653758048_0814626053","name":"Basket Starters","count":37,"queryParam":"cat_id~1256653758048_0814626053"},{"id":"1256653758048_6488630197","name":"Family Night","count":1,"queryParam":"cat_id~1256653758048_6488630197"},{"id":"1256653758048_5824743833","name":"Featured Rollbacks","count":3,"queryParam":"cat_id~1256653758048_5824743833"},{"id":"1256653758048_2164683543","name":"Healthy Meals from Kraft","count":1,"queryParam":"cat_id~1256653758048_2164683543"},{"id":"1256653758048_7037639119","name":"Instant Pot Spicy Dr. Pepper Pork","count":5,"queryParam":"cat_id~1256653758048_7037639119"},{"id":"1256653758048_0648624347","name":"Our Best Rollbacks","count":3,"queryParam":"cat_id~1256653758048_0648624347"},{"id":"1256653758048_1471981554","name":"Rollbacks","count":4,"queryParam":"cat_id~1256653758048_1471981554"},{"id":"1256653758048_1256653759172","name":"Weekly Ad Feature Items","count":8,"queryParam":"cat_id~1256653758048_1256653759172"}]},{"id":"7832438941","name":"HA Holiday Shop","count":7,"queryParam":"cat_id~7832438941"},{"id":"1255027787041","name":"Beverages","count":5,"queryParam":"cat_id~1255027787041","values":[{"id":"1255027787041_1255027787601","name":"Cocktails & Mixers","count":1,"queryParam":"cat_id~1255027787041_1255027787601"},{"id":"1255027787041_2023721512","name":"Fresh Juice & Chilled Beverage","count":1,"queryParam":"cat_id~1255027787041_2023721512"},{"id":"1255027787041_1255027788241","name":"Fruit Juice","count":2,"queryParam":"cat_id~1255027787041_1255027788241"},{"id":"1255027787041_1255027789393","name":"Specialty Drinks","count":1,"queryParam":"cat_id~1255027787041_1255027789393"}]},{"id":"1255027787051","name":"Snacks & Candy","count":113,"queryParam":"cat_id~1255027787051","values":[{"id":"1255027787051_1255027787541","name":"Chips & Dip","count":3,"queryParam":"cat_id~1255027787051_1255027787541"},{"id":"1255027787051_1255027787421","name":"Chocolate, Candy & Gum","count":4,"queryParam":"cat_id~1255027787051_1255027787421"},{"id":"1255027787051_1256653758414","name":"Fruit Snacks","count":59,"queryParam":"cat_id~1255027787051_1256653758414"},{"id":"1255027787051_1255027788696","name":"Nuts & Dried Fruit","count":56,"queryParam":"cat_id~1255027787051_1255027788696"}]},{"id":"2393438169","name":"Easter Meal","count":12,"queryParam":"cat_id~2393438169","values":[{"id":"2393438169_9868687091","name":"Easter Brunch","count":2,"queryParam":"cat_id~2393438169_9868687091"},{"id":"2393438169_9410813365","name":"Easter Meal","count":4,"queryParam":"cat_id~2393438169_9410813365"},{"id":"2393438169_6214936661","name":"Sides","count":7,"queryParam":"cat_id~2393438169_6214936661"}]},{"id":"1255064354809","name":"Deli","count":38,"queryParam":"cat_id~1255064354809","values":[{"id":"1255064354809_1256653759500","name":"Hummus, Fresh Dips & Fresh Salsas","count":2,"queryParam":"cat_id~1255064354809_1256653759500"},{"id":"1255064354809_1256653759542","name":"Lunch & Snack Packs","count":8,"queryParam":"cat_id~1255064354809_1256653759542"},{"id":"1255064354809_1256653759504","name":"Party Trays & Pizzas","count":3,"queryParam":"cat_id~1255064354809_1256653759504"},{"id":"1255064354809_1255027787721","name":"Prepared Meals & Sides","count":5,"queryParam":"cat_id~1255064354809_1255027787721"},{"id":"1255064354809_1256653759502","name":"Salads, Sandwiches & Sushi","count":28,"queryParam":"cat_id~1255064354809_1256653759502"}]},{"id":"1255027787061","name":"Eggs & Dairy","count":3,"queryParam":"cat_id~1255027787061","values":[{"id":"1255027787061_2168708466","name":"Healthy Chilled Snacks & Beverages","count":1,"queryParam":"cat_id~1255027787061_2168708466"},{"id":"1255027787061_1255027788897","name":"Pudding & Gelatin","count":2,"queryParam":"cat_id~1255027787061_1255027788897"}]},{"id":"1256653760657","name":"School Lunch Box Essentials","count":21,"queryParam":"cat_id~1256653760657","values":[{"id":"1256653760657_7592845167","name":"Back to School Box Tops","count":1,"queryParam":"cat_id~1256653760657_7592845167"},{"id":"1256653760657_0901101881","name":"Lunchbox Top Picks","count":18,"queryParam":"cat_id~1256653760657_0901101881"},{"id":"1256653760657_1104974483","name":"School Lunch Top Picks","count":4,"queryParam":"cat_id~1256653760657_1104974483"}]},{"id":"1256653758570","name":"Easy Meal Solutions","count":28,"queryParam":"cat_id~1256653758570","values":[{"id":"1256653758570_1256653760010","name":"Easy Breakfast Meal Solution","count":2,"queryParam":"cat_id~1256653758570_1256653760010"},{"id":"1256653758570_1256653759878","name":"Easy Chili Meal Solution","count":1,"queryParam":"cat_id~1256653758570_1256653759878"},{"id":"1256653758570_1256653760374","name":"Healthy Bowls Meal Solution","count":7,"queryParam":"cat_id~1256653758570_1256653760374"},{"id":"1256653758570_1256653759660","name":"Italian Feast Meal Solution","count":5,"queryParam":"cat_id~1256653758570_1256653759660"},{"id":"1256653758570_4659329852","name":"One Pot Meal Essentials","count":1,"queryParam":"cat_id~1256653758570_4659329852"},{"id":"1256653758570_1256653758282","name":"Pizza Night Meal Solution","count":2,"queryParam":"cat_id~1256653758570_1256653758282"},{"id":"1256653758570_1256653760378","name":"Salads & Soups","count":12,"queryParam":"cat_id~1256653758570_1256653760378"},{"id":"1256653758570_1256653759882","name":"Slow Cooked Beef & Broccoli Meal Solution","count":5,"queryParam":"cat_id~1256653758570_1256653759882"},{"id":"1256653758570_1256653758022","name":"Taco Night Essentials","count":1,"queryParam":"cat_id~1256653758570_1256653758022"}]},{"id":"1255027787031","name":"Bread & Bakery","count":3,"queryParam":"cat_id~1255027787031"},{"id":"5621371366","name":"Holiday Meal","count":7,"queryParam":"cat_id~5621371366"},{"id":"2235214863","name":"Oktoberfest","count":1,"queryParam":"cat_id~2235214863"},{"id":"1256653760096","name":"Health & Nutrition","count":1,"queryParam":"cat_id~1256653760096"}]}],"others":[{"name":"Special Offer","values":[{"name":"Rollback","count":71,"queryParam":"special_offers~Rollback"}]},{"name":"Price"},{"name":"Brand","values":[{"name":"Great Value","count":72,"queryParam":"ghs_brand~Great Value"},{"name":"Dole","count":21,"queryParam":"ghs_brand~Dole"},{"name":"Del Monte","count":38,"queryParam":"ghs_brand~Del Monte"},{"name":"Marketside","count":97,"queryParam":"ghs_brand~Marketside"},{"name":"Freshness Guaranteed","count":7,"queryParam":"ghs_brand~Freshness Guaranteed"},{"name":"PRODUCE UNBRANDED","count":102,"queryParam":"ghs_brand~PRODUCE UNBRANDED"},{"name":"WALMART PRODUCE","count":1,"queryParam":"ghs_brand~WALMART PRODUCE"},{"name":"Sundia","count":1,"queryParam":"ghs_brand~Sundia"},{"name":"Taylor Farms","count":7,"queryParam":"ghs_brand~Taylor Farms"},{"name":"Ready Pac","count":3,"queryParam":"ghs_brand~Ready Pac"},{"name":"Suddenly Pasta Salad","count":2,"queryParam":"ghs_brand~Suddenly Pasta Salad"},{"name":"EatSmart","count":1,"queryParam":"ghs_brand~EatSmart"},{"name":"Produce Unbranded","count":11,"queryParam":"ghs_brand~Produce Unbranded"},{"name":"Welch's","count":11,"queryParam":"ghs_brand~Welch's"},{"name":"FIELDPACK UNBRANDED","count":10,"queryParam":"ghs_brand~FIELDPACK UNBRANDED"},{"name":"Sun-Maid","count":10,"queryParam":"ghs_brand~Sun-Maid"},{"name":"Kellogg's","count":9,"queryParam":"ghs_brand~Kellogg's"},{"name":"Bolthouse Farms","count":7,"queryParam":"ghs_brand~Bolthouse Farms"},{"name":"Craisins","count":7,"queryParam":"ghs_brand~Craisins"},{"name":"Betty Crocker","count":6,"queryParam":"ghs_brand~Betty Crocker"},{"name":"Generic","count":6,"queryParam":"ghs_brand~Generic"},{"name":"Green Giant","count":5,"queryParam":"ghs_brand~Green Giant"},{"name":"Sunsweet","count":5,"queryParam":"ghs_brand~Sunsweet"},{"name":"Melissa's","count":4,"queryParam":"ghs_brand~Melissa's"},{"name":"Mott's","count":4,"queryParam":"ghs_brand~Mott's"},{"name":"Black Forest","count":3,"queryParam":"ghs_brand~Black Forest"},{"name":"Fruit by the Foot","count":3,"queryParam":"ghs_brand~Fruit by the Foot"},{"name":"General Mills","count":3,"queryParam":"ghs_brand~General Mills"},{"name":"Great Value Organic","count":3,"queryParam":"ghs_brand~Great Value Organic"},{"name":"Mariani","count":3,"queryParam":"ghs_brand~Mariani"},{"name":"Scooby-Doo","count":3,"queryParam":"ghs_brand~Scooby-Doo"},{"name":"Ziyad","count":3,"queryParam":"ghs_brand~Ziyad"},{"name":"For You","count":2,"queryParam":"ghs_brand~For You"},{"name":"Fresh Gourmet","count":2,"queryParam":"ghs_brand~Fresh Gourmet"},{"name":"Fruit Roll-Ups","count":2,"queryParam":"ghs_brand~Fruit Roll-Ups"},{"name":"Marzetti","count":2,"queryParam":"ghs_brand~Marzetti"},{"name":"NatureSweet","count":2,"queryParam":"ghs_brand~NatureSweet"},{"name":"Ocean Mist Farms","count":2,"queryParam":"ghs_brand~Ocean Mist Farms"},{"name":"Oregon Specialty Fruit","count":2,"queryParam":"ghs_brand~Oregon Specialty Fruit"},{"name":"Salad Pizazz!","count":2,"queryParam":"ghs_brand~Salad Pizazz!"},{"name":"Sunkist","count":2,"queryParam":"ghs_brand~Sunkist"},{"name":"TE-CO","count":2,"queryParam":"ghs_brand~TE-CO"},{"name":"Tasteful Selections","count":2,"queryParam":"ghs_brand~Tasteful Selections"},{"name":"Wal-Mart Deli","count":2,"queryParam":"ghs_brand~Wal-Mart Deli"},{"name":"Walmart Deli","count":2,"queryParam":"ghs_brand~Walmart Deli"},{"name":"Annie's","count":1,"queryParam":"ghs_brand~Annie's"},{"name":"Branch","count":1,"queryParam":"ghs_brand~Branch"},{"name":"Brighthouse Organics","count":1,"queryParam":"ghs_brand~Brighthouse Organics"},{"name":"Bushmans","count":1,"queryParam":"ghs_brand~Bushmans"},{"name":"Cello","count":1,"queryParam":"ghs_brand~Cello"},{"name":"Collins Brothers","count":1,"queryParam":"ghs_brand~Collins Brothers"},{"name":"Cooking with Spinach","count":1,"queryParam":"ghs_brand~Cooking with Spinach"},{"name":"Dandy","count":1,"queryParam":"ghs_brand~Dandy"},{"name":"Dippin' Stix","count":1,"queryParam":"ghs_brand~Dippin' Stix"},{"name":"Equate","count":1,"queryParam":"ghs_brand~Equate"},{"name":"Fifth Generation","count":1,"queryParam":"ghs_brand~Fifth Generation"},{"name":"Foxy Organic","count":1,"queryParam":"ghs_brand~Foxy Organic"},{"name":"Garden Cuts","count":1,"queryParam":"ghs_brand~Garden Cuts"},{"name":"Glory Foods","count":1,"queryParam":"ghs_brand~Glory Foods"},{"name":"Grimmway Farms","count":1,"queryParam":"ghs_brand~Grimmway Farms"},{"name":"Gushers","count":1,"queryParam":"ghs_brand~Gushers"},{"name":"Hail Merry","count":1,"queryParam":"ghs_brand~Hail Merry"},{"name":"Hypermart","count":1,"queryParam":"ghs_brand~Hypermart"},{"name":"KELLOGG","count":1,"queryParam":"ghs_brand~KELLOGG"},{"name":"Klondike","count":1,"queryParam":"ghs_brand~Klondike"},{"name":"Lakeside Produce","count":1,"queryParam":"ghs_brand~Lakeside Produce"},{"name":"Mann's","count":1,"queryParam":"ghs_brand~Mann's"},{"name":"Marketside Organic","count":1,"queryParam":"ghs_brand~Marketside Organic"},{"name":"Natures Greens","count":1,"queryParam":"ghs_brand~Natures Greens"},{"name":"NewStar","count":1,"queryParam":"ghs_brand~NewStar"},{"name":"OPAL","count":1,"queryParam":"ghs_brand~OPAL"},{"name":"Ocean Spray","count":1,"queryParam":"ghs_brand~Ocean Spray"},{"name":"Pamela's","count":1,"queryParam":"ghs_brand~Pamela's"},{"name":"Pom Wonderful","count":1,"queryParam":"ghs_brand~Pom Wonderful"},{"name":"Pro2snax","count":1,"queryParam":"ghs_brand~Pro2snax"},{"name":"Produce Unbrrnded","count":1,"queryParam":"ghs_brand~Produce Unbrrnded"},{"name":"RAWL BRAND","count":1,"queryParam":"ghs_brand~RAWL BRAND"},{"name":"Read","count":1,"queryParam":"ghs_brand~Read"},{"name":"Reese","count":1,"queryParam":"ghs_brand~Reese"},{"name":"SMART ONES","count":1,"queryParam":"ghs_brand~SMART ONES"},{"name":"Sabra","count":1,"queryParam":"ghs_brand~Sabra"},{"name":"San Miguel","count":1,"queryParam":"ghs_brand~San Miguel"},{"name":"Snack Sensations","count":1,"queryParam":"ghs_brand~Snack Sensations"},{"name":"Speedy Spud","count":1,"queryParam":"ghs_brand~Speedy Spud"},{"name":"Starter","count":1,"queryParam":"ghs_brand~Starter"},{"name":"SunFresh","count":1,"queryParam":"ghs_brand~SunFresh"},{"name":"SunGold","count":1,"queryParam":"ghs_brand~SunGold"},{"name":"Sunsets","count":1,"queryParam":"ghs_brand~Sunsets"},{"name":"Sweet Bursts","count":1,"queryParam":"ghs_brand~Sweet Bursts"},{"name":"Tanimura & Antle","count":1,"queryParam":"ghs_brand~Tanimura & Antle"},{"name":"Tomorrow's Organics","count":1,"queryParam":"ghs_brand~Tomorrow's Organics"},{"name":"USDA Produce","count":1,"queryParam":"ghs_brand~USDA Produce"},{"name":"World Acc","count":1,"queryParam":"ghs_brand~World Acc"}]},{"name":"Type","values":[{"name":"Tropical Fruits","count":13,"queryParam":"ghs_type~Tropical Fruits"},{"name":"Mixed Fruit","count":25,"queryParam":"ghs_type~Mixed Fruit"},{"name":"Sliced Fruits","count":10,"queryParam":"ghs_type~Sliced Fruits"},{"name":"Chilled Fruit Blends","count":5,"queryParam":"ghs_type~Chilled Fruit Blends"},{"name":"Salad Mixes","count":22,"queryParam":"ghs_type~Salad Mixes"},{"name":"Canned Citrus Fruits","count":9,"queryParam":"ghs_type~Canned Citrus Fruits"},{"name":"Canned Pears","count":7,"queryParam":"ghs_type~Canned Pears"},{"name":"Canned Other Fruit","count":3,"queryParam":"ghs_type~Canned Other Fruit"},{"name":"Pre-Sliced Mixed Fruit","count":1,"queryParam":"ghs_type~Pre-Sliced Mixed Fruit"},{"name":"Green Salads","count":7,"queryParam":"ghs_type~Green Salads"},{"name":"Canned Fruits","count":2,"queryParam":"ghs_type~Canned Fruits"},{"name":"Canned Other Fruits","count":2,"queryParam":"ghs_type~Canned Other Fruits"},{"name":"Pasta Mixes","count":2,"queryParam":"ghs_type~Pasta Mixes"},{"name":"Cantaloupes","count":1,"queryParam":"ghs_type~Cantaloupes"},{"name":"Papayas","count":1,"queryParam":"ghs_type~Papayas"},{"name":"Fruit Snacks","count":35,"queryParam":"ghs_type~Fruit Snacks"},{"name":"Carrots","count":10,"queryParam":"ghs_type~Carrots"},{"name":"Lettuce","count":9,"queryParam":"ghs_type~Lettuce"},{"name":"Berries","count":7,"queryParam":"ghs_type~Berries"},{"name":"Tomatoes","count":7,"queryParam":"ghs_type~Tomatoes"},{"name":"Greens","count":6,"queryParam":"ghs_type~Greens"},{"name":"Oranges","count":6,"queryParam":"ghs_type~Oranges"},{"name":"Spinach","count":6,"queryParam":"ghs_type~Spinach"},{"name":"Cauliflower","count":5,"queryParam":"ghs_type~Cauliflower"},{"name":"Cucumbers","count":5,"queryParam":"ghs_type~Cucumbers"},{"name":"Mangoes","count":5,"queryParam":"ghs_type~Mangoes"},{"name":"Blueberries","count":4,"queryParam":"ghs_type~Blueberries"},{"name":"Broccoli","count":4,"queryParam":"ghs_type~Broccoli"},{"name":"Celery","count":4,"queryParam":"ghs_type~Celery"},{"name":"Grapefruit","count":4,"queryParam":"ghs_type~Grapefruit"},{"name":"Hot Peppers","count":4,"queryParam":"ghs_type~Hot Peppers"},{"name":"Kiwis","count":4,"queryParam":"ghs_type~Kiwis"},{"name":"Lettuce Mixes","count":4,"queryParam":"ghs_type~Lettuce Mixes"},{"name":"Blackberries","count":3,"queryParam":"ghs_type~Blackberries"},{"name":"Cabbage","count":3,"queryParam":"ghs_type~Cabbage"},{"name":"Lemons","count":3,"queryParam":"ghs_type~Lemons"},{"name":"Limes","count":3,"queryParam":"ghs_type~Limes"},{"name":"Mixed Vegetables","count":3,"queryParam":"ghs_type~Mixed Vegetables"},{"name":"Raspberries","count":3,"queryParam":"ghs_type~Raspberries"},{"name":"Sliced Apples","count":3,"queryParam":"ghs_type~Sliced Apples"},{"name":"Apples","count":2,"queryParam":"ghs_type~Apples"},{"name":"Asparagus","count":2,"queryParam":"ghs_type~Asparagus"},{"name":"Beets","count":2,"queryParam":"ghs_type~Beets"},{"name":"Corn","count":2,"queryParam":"ghs_type~Corn"},{"name":"Croutons & Toppings","count":2,"queryParam":"ghs_type~Croutons & Toppings"},{"name":"Frozen Fruits","count":2,"queryParam":"ghs_type~Frozen Fruits"},{"name":"Green Beans","count":2,"queryParam":"ghs_type~Green Beans"},{"name":"Honeydew Melons","count":2,"queryParam":"ghs_type~Honeydew Melons"},{"name":"Peaches","count":2,"queryParam":"ghs_type~Peaches"},{"name":"Potato Salads","count":2,"queryParam":"ghs_type~Potato Salads"},{"name":"Radishes","count":2,"queryParam":"ghs_type~Radishes"},{"name":"Strawberries","count":2,"queryParam":"ghs_type~Strawberries"},{"name":"Acorn Squash","count":1,"queryParam":"ghs_type~Acorn Squash"},{"name":"Almonds","count":1,"queryParam":"ghs_type~Almonds"},{"name":"Artichokes","count":1,"queryParam":"ghs_type~Artichokes"},{"name":"Avocados","count":1,"queryParam":"ghs_type~Avocados"},{"name":"Bananas","count":1,"queryParam":"ghs_type~Bananas"},{"name":"Bok Choy","count":1,"queryParam":"ghs_type~Bok Choy"},{"name":"Brussel Sprouts","count":1,"queryParam":"ghs_type~Brussel Sprouts"},{"name":"Butternut Squash","count":1,"queryParam":"ghs_type~Butternut Squash"},{"name":"Cakes","count":1,"queryParam":"ghs_type~Cakes"},{"name":"Canned Berries","count":1,"queryParam":"ghs_type~Canned Berries"},{"name":"Canned Potatoes","count":1,"queryParam":"ghs_type~Canned Potatoes"},{"name":"Cashews","count":1,"queryParam":"ghs_type~Cashews"},{"name":"Celery & Cucumbers","count":1,"queryParam":"ghs_type~Celery & Cucumbers"},{"name":"Chayote Squash","count":1,"queryParam":"ghs_type~Chayote Squash"},{"name":"Cherries","count":1,"queryParam":"ghs_type~Cherries"},{"name":"Cranberries","count":1,"queryParam":"ghs_type~Cranberries"},{"name":"Dried Fruit","count":1,"queryParam":"ghs_type~Dried Fruit"},{"name":"French Beans","count":1,"queryParam":"ghs_type~French Beans"},{"name":"Frozen Juice & Ice","count":1,"queryParam":"ghs_type~Frozen Juice & Ice"},{"name":"Frozen Vegetables","count":1,"queryParam":"ghs_type~Frozen Vegetables"},{"name":"Fruit Dips","count":1,"queryParam":"ghs_type~Fruit Dips"},{"name":"Fruit Toppings","count":1,"queryParam":"ghs_type~Fruit Toppings"},{"name":"Jicama","count":1,"queryParam":"ghs_type~Jicama"},{"name":"Kale","count":1,"queryParam":"ghs_type~Kale"},{"name":"Leeks","count":1,"queryParam":"ghs_type~Leeks"},{"name":"Melons","count":1,"queryParam":"ghs_type~Melons"},{"name":"Nectarines","count":1,"queryParam":"ghs_type~Nectarines"},{"name":"Other Vegetables","count":1,"queryParam":"ghs_type~Other Vegetables"},{"name":"Pasta Salads","count":1,"queryParam":"ghs_type~Pasta Salads"},{"name":"Pineapple","count":1,"queryParam":"ghs_type~Pineapple"},{"name":"Plums","count":1,"queryParam":"ghs_type~Plums"},{"name":"Red Potatoes","count":1,"queryParam":"ghs_type~Red Potatoes"},{"name":"Roma Tomatoes","count":1,"queryParam":"ghs_type~Roma Tomatoes"},{"name":"Russet Potatoes","count":1,"queryParam":"ghs_type~Russet Potatoes"},{"name":"Snack Bars","count":1,"queryParam":"ghs_type~Snack Bars"},{"name":"Specialty Canned Vegetables","count":1,"queryParam":"ghs_type~Specialty Canned Vegetables"},{"name":"Specialty Cookies","count":1,"queryParam":"ghs_type~Specialty Cookies"},{"name":"Sweet Peppers","count":1,"queryParam":"ghs_type~Sweet Peppers"},{"name":"Sweet Potatoes","count":1,"queryParam":"ghs_type~Sweet Potatoes"},{"name":"Tomatillos","count":1,"queryParam":"ghs_type~Tomatillos"},{"name":"Veggie Meals","count":1,"queryParam":"ghs_type~Veggie Meals"},{"name":"Yams & Sweet Potatoes","count":1,"queryParam":"ghs_type~Yams & Sweet Potatoes"},{"name":"Yellow & Gold Potatoes","count":1,"queryParam":"ghs_type~Yellow & Gold Potatoes"}]}]},"breadcrumbs":[{"id":"0","name":"All Departments","cat_level":0,"queryParam":"cat_id~0"}],"sortOptions":[{"sortId":"best_match","sortName":"Best match","isDefault":true},{"sortId":"best_seller","sortName":"Best sellers","isDefault":false},{"sortId":"price_low","sortName":"Price: low to high","isDefault":false},{"sortId":"price_high","sortName":"Price: high to low","isDefault":false}],"errors":[],"searchMatchType":"{\"dept\":\"/1255027787111/1255027789273/1255027794725\",\"id\":\"1585066417246:mustang-536782645-17-723600032:4107:k85h5ffl:65612\",\"css\":\"0|0|0|0\",\"cs\":false}","wpaBeacon":{"moduleData":{"adUuid":"1585066417246:mustang-536782645-17-723600032:4107:k85h5ffl:65612","pageBeacons":{},"moduleInfo":"{\"adUuid\":\"1585066417246:mustang-536782645-17-723600032:4107:k85h5ffl:65612\",\"tenant\":\"GR\",\"storeId\":\"1855\",\"platform\":\"mobile\",\"pageType\":\"search\",\"mloc\":\"middle\",\"pageId\":\"fruit salad\",\"placementId\":\"480x345_T-C-IG_TI_1-2_gr-search-ingrid-mweb\",\"normQuery\":\"fruit salad\"}"}}}
1.33
1656
1834
1869
Freshness Guaranteed Seasonal Fruit Blend, 32 oz
[...]
owls-Diced-Pears-in-100-Fruit-Juice-4-oz-bowls/10304392","isSnapEligible":true,"type":"REGULAR"},"detailed":{"rating":4.6316,"reviewsCount":19},"store":{"isOutOfStock":false,"price":{"list":2.17,"previousPrice":2.48,"priceUnitOfMeasure":null,"salesUnitOfMeasure":null,"salesQuantity":4,"displayCondition":null,"displayPrice":2.17,"displayUnitPrice":"(54.3 cents/EA)","isClearance":false,"isRollback":true,"unit":null}}},{"USItemId":"10295295","offerId":"7D05D17FE8CF4EBF8BC7FC8345B29A25","sku":"1018123","basic":{"salesUnit":"Each","name":"(4 cups) Del Monte Fruit Cup Snacks Diced Pears in 100% Juice 4 oz fruit cups","image":{"thumbnail":"https://i5.walmartimages.com/asr/ee30fcdc-483a-4dc5-8f8f-4625daf80a94_2.f3e21d0df0beecfdd4b7e7a2255a33ed.png?odnHeight=150&odnWidth=150&odnBg=ffffff"},"weightIncrement":1,"averageWeight":null,"maxAllowed":12,"productUrl":"/ip/4-cups-Del-Monte-Fruit-Cup-Snacks-Diced-Pears-in-100-Juice-4-oz-fruit-cups/10295295","isSnapEligible":true,"type":"REGULAR"},"detailed":{"rating":3.4167,"reviewsCount":12},"store":{"isOutOfStock":false,"price":{"list":2.08,"previousPrice":0,"priceUnitOfMeasure":null,"salesUnitOfMeasure":null,"salesQuantity":1,"displayCondition":null,"displayPrice":2.08,"displayUnitPrice":"($2.08/LB)","isClearance":false,"isRollback":false,"unit":null}}},{"USItemId":"44390949","offerId":"B4AFA61816C04E31B6A114527BC51B32","sku":"1022628","basic":{"salesUnit":"Each","name":"Hass Avocados, each","image":{"thumbnail":"https://i5.walmartimages.com/asr/098962b7-7d67-4ff5-a3c9-047c430f8fea_1.5847cdd72fa776356460d77b0b3c9301.jpeg?odnHeight=150&odnWidth=150&odnBg=ffffff"},"weightIncrement":1,"averageWeight":null,"maxAllowed":12,"productUrl":"/ip/Hass-Avocados-each/44390949","isSnapEligible":true,"type":"REGULAR"},"detailed":{"rating":3.6,"reviewsCount":37},"store":{"isOutOfStock":false,"price":{"list":0.78,"previousPrice":0,"priceUnitOfMeasure":"each","salesUnitOfMeasure":"each","salesQuantity":1,"displayCondition":null,"displayPrice":0.78,"displayUnitPrice":null,"isClearance":false,"isRollback":false,"unit":0.78}}},{"USItemId":"15754116","offerId":"34E21DF844104096924F51B95834B3DF","sku":"1018115","basic":{"salesUnit":"Each","name":"Del Monte No Sugar Added Diced Pears in Water, 4 oz Cup, 4 Count Box","image":{"thumbnail":"https://i5.walmartimages.com/asr/5b95c787-5379-4022-92fd-96f9a0a58929_1.742048499e8266447c346743ff77749b.jpeg?odnHeight=150&odnWidth=150&odnBg=ffffff"},"weightIncrement":1,"averageWeight":null,"maxAllowed":12,"productUrl":"/ip/Del-Monte-No-Sugar-Added-Diced-Pears-in-Water-4-oz-Cup-4-Count-Box/15754116","isSnapEligible":true,"type":"REGULAR"},"detailed":{"rating":4.2963,"reviewsCount":27},"store":{"isOutOfStock":false,"price":{"list":2.08,"previousPrice":0,"priceUnitOfMeasure":null,"salesUnitOfMeasure":null,"salesQuantity":1,"displayCondition":null,"displayPrice":2.08,"displayUnitPrice":"($2.08/LB)","isClearance":false,"isRollback":false,"unit":null}}},{"USItemId":"40618021","offerId":"B6586590C62F4A3ABC5F8D1B580C578C","sku":"3000918699","basic":{"salesUnit":"Each","name":"Dole Fruit Bowls No Sugar Added Pineapple Tidbits in 100% Fruit Juice, 4 Oz Fruit Bowls, 4 Cups of Fruit","image":{"thumbnail":"https://i5.walmartimages.com/asr/d082673c-b9ac-4cab-9a2d-409102dce67b_2.54621cc74322c4cfb50bc572fd51fa35.jpeg?odnHeight=150&odnWidth=150&odnBg=ffffff"},"weightIncrement":1,"averageWeight":null,"maxAllowed":12,"productUrl":"/ip/Dole-Fruit-Bowls-No-Sugar-Added-Pineapple-Tidbits-in-100-Fruit-Juice-4-Oz-Fruit-Bowls-4-Cups-of-Fruit/40618021","isSnapEligible":true,"type":"REGULAR"},"detailed":{"rating":4.5,"reviewsCount":38},"store":{"isOutOfStock":false,"price":{"list":2.17,"previousPrice":2.48,"priceUnitOfMeasure":null,"salesUnitOfMeasure":null,"salesQuantity":4,"displayCondition":null,"displayPrice":2.17,"displayUnitPrice":"(54.3 cents/EA)","isClearance":false,"isRollback":true,"unit":null}}},{"USItemId":"929297252","offerId":"C7C0F5E7D3794E32AF169CF1CF65D403","sku":"1022952","basic":{"salesUnit":"Each","name":"Bartlett Pears, 3 lb","image":{"thumbnail":"https://i5.walmartimages.com/asr/a6fbdd1e-9ba0-4018-be9e-e103a7aff0c8_1.7bea0e2f51b084242fcf154eeae372d0.jpeg?odnHeight=150&odnWidth=150&odnBg=ffffff"},"weightIncrement":1,"averageWeight":null,"maxAllowed":12,"productUrl":"/ip/Bartlett-Pears-3-lb/929297252","isSnapEligible":true,"type":"REGULAR"},"detailed":{"rating":5,"reviewsCount":1},"store":{"isOutOfStock":true,"price":{"list":4.27,"previousPrice":0,"priceUnitOfMeasure":"each","salesUnitOfMeasure":"each","salesQuantity":3,"displayCondition":null,"displayPrice":4.27,"displayUnitPrice":"($1.42/LB)","isClearance":false,"isRollback":false,"unit":1.42}}},{"USItemId":"215642748","offerId":"C060EE60B95C46FC9F50DA1248261DEA","sku":"3000014803","basic":{"salesUnit":"Each_Weight","name":"Bartlett Pears, each","image":{"thumbnail":"https://i5.walmartimages.com/asr/534f8216-ad02-4e1a-bf8a-18dad521a797_1.d3705aa49f241ebc9171f36189440632.jpeg?odnHeight=150&odnWidth=150&odnBg=ffffff"},"weightIncrement":1,"averageWeight":0.7,"maxAllowed":20,"productUrl":"/ip/Bartlett-Pears-each/215642748","isSnapEligible":true,"type":"REGULAR"},"detailed":{"rating":5,"reviewsCount":1},"store":{"isOutOfStock":true,"price":{"list":null,"previousPrice":0,"priceUnitOfMeasure":null,"salesUnitOfMeasure":null,"salesQuantity":1,"displayCondition":null,"displayPrice":null,"displayUnitPrice":null,"isClearance":false,"isRollback":false,"unit":null}}},{"USItemId":"116750274","offerId":"2A1F693041F8434C84BFA52296C6F6A4","sku":"3100566403","basic":{"salesUnit":"Each","name":"Great Value Diced Pears in 100% Juice, 4 oz, 4 count","image":{"thumbnail":"https://i5.walmartimages.com/asr/5d681b2e-8b77-4543-a191-fe56ff5efb22_1.5c451038e083e566b2c29d68a389b2b8.jpeg?odnHeight=150&odnWidth=150&odnBg=ffffff"},"weightIncrement":1,"averageWeight":null,"maxAllowed":12,"productUrl":"/ip/Great-Value-Diced-Pears-in-100-Juice-4-oz-4-count/116750274","isSnapEligible":true,"type":"REGULAR"},"detailed":{},"store":{"isOutOfStock":true,"price":{"list":1.64,"previousPrice":1.98,"priceUnitOfMeasure":null,"salesUnitOfMeasure":null,"salesQuantity":16,"displayCondition":null,"displayPrice":1.64,"displayUnitPrice":"(10.3 cents/OZ)","isClearance":false,"isRollback":true,"unit":null}}},{"USItemId":"51259388","offerId":"D68A430F68A444098369C29F1A905AFB","sku":"3100274767","basic":{"salesUnit":"Each","name":"Organic Hass Avocados, 3-5 Count Bag","image":{"thumbnail":"https://i5.walmartimages.com/asr/b3b9d764-2e62-475b-b7b5-c84bcabac6a2_1.c38a37c4ccb9af78ebd9cb44f94fd5a0.jpeg?odnHeight=150&odnWidth=150&odnBg=ffffff"},"weightIncrement":1,"averageWeight":null,"maxAllowed":12,"productUrl":"/ip/Organic-Hass-Avocados-3-5-Count-Bag/51259388","isSnapEligible":true,"type":"REGULAR"},"detailed":{"rating":3.7,"reviewsCount":7},"store":{"isOutOfStock":true,"price":{"list":3.96,"previousPrice":0,"priceUnitOfMeasure":"each","salesUnitOfMeasure":"each","salesQuantity":1,"displayCondition":null,"displayPrice":3.96,"displayUnitPrice":null,"isClearance":false,"isRollback":false,"unit":3.96}}}],"totalCount":43,"filters":{"categories":[{"name":"Departments","values":[{"id":"1255027787131","name":"Fruits & Vegetables","count":14,"queryParam":"cat_id~1255027787131","values":[{"id":"1255027787131_4585348430","name":"Healthy Snacking","count":1,"queryParam":"cat_id~1255027787131_4585348430"},{"id":"1255027787131_1255200063365","name":"Organic Produce","count":1,"queryParam":"cat_id~1255027787131_1255200063365"}]},{"id":"1255027787111","name":"Pantry","count":27,"queryParam":"cat_id~1255027787111","values":[{"id":"1255027787111_1255027787501","name":"Cereal & Breakfast Food","count":7,"queryParam":"cat_id~1255027787111_1255027787501"}]},{"id":"1256653758154","name":"Organic Shop","count":1,"queryParam":"cat_id~1256653758154"},{"id":"1256653760354","name":"Groceries & Household Essentials","count":1,"queryParam":"cat_id~1256653760354"},{"id":"1256653758048","name":"Featured Products","count":3,"queryParam":"cat_id~1256653758048","values":[{"id":"1256653758048_0814626053","name":"Basket Starters","count":2,"queryParam":"cat_id~1256653758048_0814626053"},{"id":"1256653758048_1471981554","name":"Rollbacks","count":1,"queryParam":"cat_id~1256653758048_1471981554"}]},{"id":"1256653760657","name":"School Lunch Box Essentials","count":1,"queryParam":"cat_id~1256653760657"},{"id":"1255027787061","name":"Eggs & Dairy","count":1,"queryParam":"cat_id~1255027787061"},{"id":"1255027787071","name":"Frozen","count":1,"queryParam":"cat_id~1255027787071"},{"id":"1256653758570","name":"Easy Meal Solutions","count":1,"queryParam":"cat_id~1256653758570"}]}],"others":[{"name":"Special Offer","values":[{"name":"Rollback","count":22,"queryParam":"special_offers~Rollback"}]},{"name":"Price"},{"name":"Brand","values":[{"name":"PRODUCE UNBRANDED","count":14,"queryParam":"ghs_brand~PRODUCE UNBRANDED"},{"name":"Great Value","count":5,"queryParam":"ghs_brand~Great Value"},{"name":"Del Monte","count":11,"queryParam":"ghs_brand~Del Monte"},{"name":"Dole","count":11,"queryParam":"ghs_brand~Dole"},{"name":"Sundia","count":1,"queryParam":"ghs_brand~Sundia"},{"name":"Happi Foodi","count":1,"queryParam":"ghs_brand~Happi Foodi"}]},{"name":"Type","values":[{"name":"Pears","count":9,"queryParam":"ghs_type~Pears"},{"name":"Canned Pears","count":7,"queryParam":"ghs_type~Canned Pears"},{"name":"Mixed Fruit","count":16,"queryParam":"ghs_type~Mixed Fruit"},{"name":"Avocados","count":5,"queryParam":"ghs_type~Avocados"},{"name":"Canned Other Fruit","count":1,"queryParam":"ghs_type~Canned Other Fruit"},{"name":"Canned Citrus Fruits","count":2,"queryParam":"ghs_type~Canned Citrus Fruits"}]}]},"breadcrumbs":[{"id":"0","name":"All Departments","cat_level":0,"queryParam":"cat_id~0"}],"sortOptions":[{"sortId":"best_match","sortName":"Best match","isDefault":true},{"sortId":"best_seller","sortName":"Best sellers","isDefault":false},{"sortId":"price_low","sortName":"Price: low to high","isDefault":false},{"sortId":"price_high","sortName":"Price: high to low","isDefault":false}],"errors":[],"searchMatchType":"{\"dept\":\"/1255027787131/1255027788181/1255027790251\",\"id\":\"1585066418183:mustang-794434107-12-894900821:19737:k85klrsq:59359\",\"css\":\"0|0|0|0\",\"cs\":false}","wpaBeacon":{"moduleData":{"adUuid":"1585066418183:mustang-794434107-12-894900821:19737:k85klrsq:59359","pageBeacons":{},"moduleInfo":"{\"adUuid\":\"1585066418183:mustang-794434107-12-894900821:19737:k85klrsq:59359\",\"tenant\":\"GR\",\"storeId\":\"1855\",\"platform\":\"mobile\",\"pageType\":\"search\",\"mloc\":\"middle\",\"pageId\":\"pears\",\"placementId\":\"480x345_T-C-IG_TI_1-2_gr-search-ingrid-mweb\",\"normQuery\":\"pear\"}"}}}
[{"groceryProvider":"Walmart","name":"Bartlett Pears, Each","upc":"-1506569835","price":0.83},{"groceryProvider":"Walmart","name":"Anjou Pears, 3 lb Bag","upc":"1532152445","price":3.47},{"groceryProvider":"Walmart","name":"Anjou Pears, Each","upc":"1576551653","price":0.73},{"groceryProvider":"Walmart","name":"Great Value Sliced Pears, 14.5 oz","upc":"-1165235283","price":0.98},{"groceryProvider":"Walmart","name":"Bosc Pears, 3 lb","upc":"291454995","price":4.47},{"groceryProvider":"Walmart","name":"Red Pears, each","upc":"-107433322","price":0.64}]
]]></system-out>
  <system-err><![CDATA[[Test worker] INFO io.javalin.Javalin - 
           __                      __ _
          / /____ _ _   __ ____ _ / /(_)____
     __  / // __ `/| | / // __ `// // // __ \
    / /_/ // /_/ / | |/ // /_/ // // // / / /
    \____/ \__,_/  |___/ \__,_//_//_//_/ /_/

        https://javalin.io/documentation

[Test worker] INFO org.eclipse.jetty.util.log - Logging initialized @4019ms to org.eclipse.jetty.util.log.Slf4jLog
[Test worker] INFO io.javalin.Javalin - Starting Javalin ...
[Test worker] INFO io.javalin.Javalin - Listening on http://localhost:9999/
[Test worker] INFO io.javalin.Javalin - Javalin started in 219ms \o/
[qtp104044376-36] WARN org.sql2o.Connection - Could not roll back transaction. message: {}
java.sql.SQLException: database in auto-commit mode
	at org.sqlite.SQLiteConnection.rollback(SQLiteConnection.java:415)
	at org.sql2o.Connection.rollback(Connection.java:115)
	at org.sql2o.Connection.onException(Connection.java:56)
	at org.sql2o.Query.executeUpdate(Query.java:526)
	at dao.Sql2oGroceryListDao.addProduct(Sql2oGroceryListDao.java:55)
	at api.ApiServer.lambda$addProductToList$6(ApiServer.java:134)
	at io.javalin.core.security.SecurityUtil.noopAccessManager(SecurityUtil.kt:23)
	at io.javalin.http.JavalinServlet$addHandler$protectedHandler$1.handle(JavalinServlet.kt:119)
	at io.javalin.http.JavalinServlet$service$2$1.invoke(JavalinServlet.kt:45)
	at io.javalin.http.JavalinServlet$service$2$1.invoke(JavalinServlet.kt:24)
	at io.javalin.http.JavalinServlet$service$1.invoke(JavalinServlet.kt:126)
	at io.javalin.http.JavalinServlet$service$2.invoke(JavalinServlet.kt:40)
	at io.javalin.http.JavalinServlet.service(JavalinServlet.kt:78)
	at javax.servlet.http.HttpServlet.service(HttpServlet.java:790)
	at org.eclipse.jetty.servlet.ServletHolder.handle(ServletHolder.java:755)
	at org.eclipse.jetty.servlet.ServletHandler.doHandle(ServletHandler.java:547)
	at org.eclipse.jetty.server.handler.ScopedHandler.nextHandle(ScopedHandler.java:233)
	at org.eclipse.jetty.server.session.SessionHandler.doHandle(SessionHandler.java:1607)
	at org.eclipse.jetty.server.handler.ScopedHandler.nextHandle(ScopedHandler.java:233)
	at io.javalin.core.JavalinServer$start$httpHandler$1.doHandle(JavalinServer.kt:54)
	at org.eclipse.jetty.server.handler.ScopedHandler.nextScope(ScopedHandler.java:188)
	at org.eclipse.jetty.servlet.ServletHandler.doScope(ServletHandler.java:485)
	at org.eclipse.jetty.server.session.SessionHandler.doScope(SessionHandler.java:1577)
	at org.eclipse.jetty.server.handler.ScopedHandler.nextScope(ScopedHandler.java:186)
	at org.eclipse.jetty.server.handler.ContextHandler.doScope(ContextHandler.java:1212)
	at org.eclipse.jetty.server.handler.ScopedHandler.handle(ScopedHandler.java:141)
	at org.eclipse.jetty.server.handler.HandlerList.handle(HandlerList.java:59)
	at org.eclipse.jetty.server.handler.StatisticsHandler.handle(StatisticsHandler.java:173)
	at org.eclipse.jetty.server.handler.HandlerWrapper.handle(HandlerWrapper.java:127)
	at org.eclipse.jetty.server.Server.handle(Server.java:500)
	at org.eclipse.jetty.server.HttpChannel.lambda$handle$1(HttpChannel.java:383)
	at org.eclipse.jetty.server.HttpChannel.dispatch(HttpChannel.java:547)
	at org.eclipse.jetty.server.HttpChannel.handle(HttpChannel.java:375)
	at org.eclipse.jetty.server.HttpConnection.onFillable(HttpConnection.java:270)
	at org.eclipse.jetty.io.AbstractConnection$ReadCallback.succeeded(AbstractConnection.java:311)
	at org.eclipse.jetty.io.FillInterest.fillable(FillInterest.java:103)
	at org.eclipse.jetty.io.ChannelEndPoint$2.run(ChannelEndPoint.java:117)
	at org.eclipse.jetty.util.thread.strategy.EatWhatYouKill.runTask(EatWhatYouKill.java:336)
	at org.eclipse.jetty.util.thread.strategy.EatWhatYouKill.doProduce(EatWhatYouKill.java:313)
	at org.eclipse.jetty.util.thread.strategy.EatWhatYouKill.tryProduce(EatWhatYouKill.java:171)
	at org.eclipse.jetty.util.thread.strategy.EatWhatYouKill.run(EatWhatYouKill.java:129)
	at org.eclipse.jetty.util.thread.ReservedThreadExecutor$ReservedThread.run(ReservedThreadExecutor.java:388)
	at org.eclipse.jetty.util.thread.QueuedThreadPool.runJob(QueuedThreadPool.java:806)
	at org.eclipse.jetty.util.thread.QueuedThreadPool$Runner.run(QueuedThreadPool.java:938)
	at java.base/java.lang.Thread.run(Thread.java:834)
[qtp104044376-36] WARN io.javalin.Javalin - Uncaught exception
exception.DaoException: Unable to add product to list
	at dao.Sql2oGroceryListDao.addProduct(Sql2oGroceryListDao.java:58)
	at api.ApiServer.lambda$addProductToList$6(ApiServer.java:134)
	at io.javalin.core.security.SecurityUtil.noopAccessManager(SecurityUtil.kt:23)
	at io.javalin.http.JavalinServlet$addHandler$protectedHandler$1.handle(JavalinServlet.kt:119)
	at io.javalin.http.JavalinServlet$service$2$1.invoke(JavalinServlet.kt:45)
	at io.javalin.http.JavalinServlet$service$2$1.invoke(JavalinServlet.kt:24)
	at io.javalin.http.JavalinServlet$service$1.invoke(JavalinServlet.kt:126)
	at io.javalin.http.JavalinServlet$service$2.invoke(JavalinServlet.kt:40)
	at io.javalin.http.JavalinServlet.service(JavalinServlet.kt:78)
	at javax.servlet.http.HttpServlet.service(HttpServlet.java:790)
	at org.eclipse.jetty.servlet.ServletHolder.handle(ServletHolder.java:755)
	at org.eclipse.jetty.servlet.ServletHandler.doHandle(ServletHandler.java:547)
	at org.eclipse.jetty.server.handler.ScopedHandler.nextHandle(ScopedHandler.java:233)
	at org.eclipse.jetty.server.session.SessionHandler.doHandle(SessionHandler.java:1607)
	at org.eclipse.jetty.server.handler.ScopedHandler.nextHandle(ScopedHandler.java:233)
	at io.javalin.core.JavalinServer$start$httpHandler$1.doHandle(JavalinServer.kt:54)
	at org.eclipse.jetty.server.handler.ScopedHandler.nextScope(ScopedHandler.java:188)
	at org.eclipse.jetty.servlet.ServletHandler.doScope(ServletHandler.java:485)
	at org.eclipse.jetty.server.session.SessionHandler.doScope(SessionHandler.java:1577)
	at org.eclipse.jetty.server.handler.ScopedHandler.nextScope(ScopedHandler.java:186)
	at org.eclipse.jetty.server.handler.ContextHandler.doScope(ContextHandler.java:1212)
	at org.eclipse.jetty.server.handler.ScopedHandler.handle(ScopedHandler.java:141)
	at org.eclipse.jetty.server.handler.HandlerList.handle(HandlerList.java:59)
	at org.eclipse.jetty.server.handler.StatisticsHandler.handle(StatisticsHandler.java:173)
	at org.eclipse.jetty.server.handler.HandlerWrapper.handle(HandlerWrapper.java:127)
	at org.eclipse.jetty.server.Server.handle(Server.java:500)
	at org.eclipse.jetty.server.HttpChannel.lambda$handle$1(HttpChannel.java:383)
	at org.eclipse.jetty.server.HttpChannel.dispatch(HttpChannel.java:547)
	at org.eclipse.jetty.server.HttpChannel.handle(HttpChannel.java:375)
	at org.eclipse.jetty.server.HttpConnection.onFillable(HttpConnection.java:270)
	at org.eclipse.jetty.io.AbstractConnection$ReadCallback.succeeded(AbstractConnection.java:311)
	at org.eclipse.jetty.io.FillInterest.fillable(FillInterest.java:103)
	at org.eclipse.jetty.io.ChannelEndPoint$2.run(ChannelEndPoint.java:117)
	at org.eclipse.jetty.util.thread.strategy.EatWhatYouKill.runTask(EatWhatYouKill.java:336)
	at org.eclipse.jetty.util.thread.strategy.EatWhatYouKill.doProduce(EatWhatYouKill.java:313)
	at org.eclipse.jetty.util.thread.strategy.EatWhatYouKill.tryProduce(EatWhatYouKill.java:171)
	at org.eclipse.jetty.util.thread.strategy.EatWhatYouKill.run(EatWhatYouKill.java:129)
	at org.eclipse.jetty.util.thread.ReservedThreadExecutor$ReservedThread.run(ReservedThreadExecutor.java:388)
	at org.eclipse.jetty.util.thread.QueuedThreadPool.runJob(QueuedThreadPool.java:806)
	at org.eclipse.jetty.util.thread.QueuedThreadPool$Runner.run(QueuedThreadPool.java:938)
	at java.base/java.lang.Thread.run(Thread.java:834)
Caused by: org.sql2o.Sql2oException: Error in executeUpdate, [SQLITE_CONSTRAINT]  Abort due to constraint violation (FOREIGN KEY constraint failed)
	at org.sql2o.Query.executeUpdate(Query.java:527)
	at dao.Sql2oGroceryListDao.addProduct(Sql2oGroceryListDao.java:55)
	... 40 more
Caused by: org.sqlite.SQLiteException: [SQLITE_CONSTRAINT]  Abort due to constraint violation (FOREIGN KEY constraint failed)
	at org.sqlite.core.DB.newSQLException(DB.java:941)
	at org.sqlite.core.DB.newSQLException(DB.java:953)
	at org.sqlite.core.DB.execute(DB.java:854)
	at org.sqlite.core.DB.executeUpdate(DB.java:895)
	at org.sqlite.jdbc3.JDBC3PreparedStatement.executeUpdate(JDBC3PreparedStatement.java:102)
	at org.sql2o.Query.executeUpdate(Query.java:521)
	... 41 more
[Test worker] INFO io.javalin.Javalin - Stopping Javalin ...
[Test worker] INFO io.javalin.Javalin - Javalin has stopped
]]></system-err>
</testsuite>
